{"level":"info","message":"⌛ Building environment","timeElapsed":475,"timestamp":"2025-10-25T21:26:41.995Z"}
{"level":"info","message":"⌛ Building environment","timeElapsed":321,"timestamp":"2025-10-25T21:26:42.327Z"}
{"level":"info","message":"⌛ Building environment","timeElapsed":182,"timestamp":"2025-10-25T21:26:42.518Z"}
{"level":"info","message":"⌛ Building environment","timeElapsed":309,"timestamp":"2025-10-25T21:26:42.865Z"}
{"level":"info","message":"⌛ Building environment","timeElapsed":326,"timestamp":"2025-10-25T21:26:43.195Z"}
{"level":"info","message":"⌛ Validating rutina.wlk","timeElapsed":537,"timestamp":"2025-10-25T21:26:43.736Z"}
{"level":"info","message":"⌛ Building environment","timeElapsed":314,"timestamp":"2025-10-25T21:26:44.054Z"}
{"level":"info","message":"⌛ Validating tests.wtest","timeElapsed":344,"timestamp":"2025-10-25T21:26:44.433Z"}
{"level":"info","message":"⌛ Validating src/gimnasia.wtest","timeElapsed":345,"timestamp":"2025-10-25T21:26:44.789Z"}
{"level":"info","message":"⌛ Validating src/gimnasia.wlk","timeElapsed":397,"timestamp":"2025-10-25T21:26:45.188Z"}
{"level":"info","message":"⌛ Validating rutina.wlk","timeElapsed":446,"timestamp":"2025-10-25T21:26:45.638Z"}
{"level":"info","message":"⌛ Validating tests.wtest","timeElapsed":256,"timestamp":"2025-10-25T21:26:45.896Z"}
{"level":"info","message":"⌛ Validating src/gimnasia.wtest","timeElapsed":249,"timestamp":"2025-10-25T21:26:46.150Z"}
{"level":"info","message":"⌛ Validating src/gimnasia.wlk","timeElapsed":254,"timestamp":"2025-10-25T21:26:46.404Z"}
{"level":"info","message":"⌛ Building environment","timeElapsed":298,"timestamp":"2025-10-25T21:26:54.504Z"}
{"level":"info","message":"⌛ Validating tests.wtest","timeElapsed":509,"timestamp":"2025-10-25T21:26:55.048Z"}
{"level":"info","message":"⌛ Building environment","timeElapsed":193,"timestamp":"2025-10-25T21:27:17.242Z"}
{"level":"info","message":"⌛ Validating src/gimnasia.wlk","timeElapsed":304,"timestamp":"2025-10-25T21:27:17.579Z"}
{"level":"info","message":"⌛ Building environment","timeElapsed":499,"timestamp":"2025-10-25T21:32:39.709Z"}
{"level":"info","message":"⌛ Validating rutina.wlk","timeElapsed":882,"timestamp":"2025-10-25T21:32:40.753Z"}
{"level":"info","message":"⌛ Building environment","timeElapsed":387,"timestamp":"2025-10-25T21:32:48.481Z"}
{"level":"info","message":"⌛ Validating src/gimnasia.wlk","timeElapsed":560,"timestamp":"2025-10-25T21:32:49.157Z"}
{"level":"info","message":"⌛ Building environment","timeElapsed":754,"timestamp":"2025-10-25T21:32:59.423Z"}
{"level":"info","message":"⌛ Validating src/gimnasia.wtest","timeElapsed":1149,"timestamp":"2025-10-25T21:33:00.694Z"}
{"level":"info","message":"⌛ Building environment","timeElapsed":615,"timestamp":"2025-10-25T21:33:07.039Z"}
{"level":"info","message":"⌛ Validating src/gimnasia.wlk","timeElapsed":538,"timestamp":"2025-10-25T21:33:07.579Z"}
{"level":"info","message":"⌛ Validating src/gimnasia.wtest","timeElapsed":302,"timestamp":"2025-10-25T21:33:07.883Z"}
{"level":"info","message":"⌛ Building environment","timeElapsed":556,"timestamp":"2025-10-25T21:33:14.502Z"}
{"level":"info","message":"⌛ Validating src/gimnasia.wlk","timeElapsed":540,"timestamp":"2025-10-25T21:33:15.060Z"}
{"level":"info","message":"⌛ Validating src/gimnasia.wtest","timeElapsed":348,"timestamp":"2025-10-25T21:33:15.418Z"}
{"level":"info","message":"🧪 Test runner executed on c:\\Users\\Gabriel\\Desktop\\ProyectosWollok\\2025-10-24\\2025c2s2-herencia-rutinas-gabrielkakazu","result":{"errored":0,"failed":0,"ok":1},"testsFailed":[],"timeElapsed":2637,"timestamp":"2025-10-25T21:34:42.081Z"}
{"level":"info","message":"🧪 Test runner executed on c:\\Users\\Gabriel\\Desktop\\ProyectosWollok\\2025-10-24\\2025c2s2-herencia-rutinas-gabrielkakazu","result":{"errored":0,"failed":0,"ok":4},"testsFailed":[],"timeElapsed":2203,"timestamp":"2025-10-25T21:35:56.529Z"}
{"level":"info","message":"⌛ Building environment","timeElapsed":535,"timestamp":"2025-10-25T23:51:24.269Z"}
{"level":"info","message":"⌛ Building environment","timeElapsed":389,"timestamp":"2025-10-25T23:51:24.709Z"}
{"level":"info","message":"⌛ Validating src/gimnasia.wlk","timeElapsed":513,"timestamp":"2025-10-25T23:51:25.227Z"}
{"level":"info","message":"⌛ Validating src/gimnasia.wlk","timeElapsed":526,"timestamp":"2025-10-25T23:51:25.780Z"}
{"level":"info","message":"⌛ Building environment","timeElapsed":250,"timestamp":"2025-10-25T23:51:28.211Z"}
{"level":"info","message":"⌛ Validating src/gimnasia.wlk","timeElapsed":489,"timestamp":"2025-10-25T23:51:28.705Z"}
{"level":"error","message":"✘ Failed to rebuild document Failed to parse src/gimnasia.wlk: \n-- PARSING FAILED --------------------------------------------------\n\n   9 | \n  10 | \n> 11 | class Running i{\n     |               ^\n  12 |     \n  13 |     var property intensidad\n\nExpected one of the following: \n\n'inherits', '{', whitespace\n","stack":"Error: Failed to parse src/gimnasia.wlk: \n-- PARSING FAILED --------------------------------------------------\n\n   9 | \n  10 | \n> 11 | class Running i{\n     |               ^\n  12 |     \n  13 |     var property intensidad\n\nExpected one of the following: \n\n'inherits', '{', whitespace\n\n    at c:\\Users\\Gabriel\\.vscode\\extensions\\uqbar.wollok-lsp-ide-0.5.3\\out\\server\\src\\server.js:2348:13026\n    at Array.map (<anonymous>)\n    at W1n (c:\\Users\\Gabriel\\.vscode\\extensions\\uqbar.wollok-lsp-ide-0.5.3\\out\\server\\src\\server.js:2348:12950)\n    at U2.buildEnvironmentFrom (c:\\Users\\Gabriel\\.vscode\\extensions\\uqbar.wollok-lsp-ide-0.5.3\\out\\server\\src\\server.js:2393:5254)\n    at U2.updateEnvironmentWith (c:\\Users\\Gabriel\\.vscode\\extensions\\uqbar.wollok-lsp-ide-0.5.3\\out\\server\\src\\server.js:2393:4989)\n    at JF (c:\\Users\\Gabriel\\.vscode\\extensions\\uqbar.wollok-lsp-ide-0.5.3\\out\\server\\src\\server.js:2393:7383)\n    at F3.invoke (c:\\Users\\Gabriel\\.vscode\\extensions\\uqbar.wollok-lsp-ide-0.5.3\\out\\server\\src\\server.js:3:157334)\n    at o.fire (c:\\Users\\Gabriel\\.vscode\\extensions\\uqbar.wollok-lsp-ide-0.5.3\\out\\server\\src\\server.js:3:158104)\n    at c:\\Users\\Gabriel\\.vscode\\extensions\\uqbar.wollok-lsp-ide-0.5.3\\out\\server\\src\\server.js:37:57871\n    at Zr (c:\\Users\\Gabriel\\.vscode\\extensions\\uqbar.wollok-lsp-ide-0.5.3\\out\\server\\src\\server.js:8:1561)","timestamp":"2025-10-25T23:51:31.674Z"}
{"level":"error","message":"✘ Failed to rebuild document Failed to parse src/gimnasia.wlk: \n-- PARSING FAILED --------------------------------------------------\n\n   9 | \n  10 | \n> 11 | class Running in{\n     |               ^\n  12 |     \n  13 |     var property intensidad\n\nExpected one of the following: \n\n'inherits', '{', whitespace\n","stack":"Error: Failed to parse src/gimnasia.wlk: \n-- PARSING FAILED --------------------------------------------------\n\n   9 | \n  10 | \n> 11 | class Running in{\n     |               ^\n  12 |     \n  13 |     var property intensidad\n\nExpected one of the following: \n\n'inherits', '{', whitespace\n\n    at c:\\Users\\Gabriel\\.vscode\\extensions\\uqbar.wollok-lsp-ide-0.5.3\\out\\server\\src\\server.js:2348:13026\n    at Array.map (<anonymous>)\n    at W1n (c:\\Users\\Gabriel\\.vscode\\extensions\\uqbar.wollok-lsp-ide-0.5.3\\out\\server\\src\\server.js:2348:12950)\n    at U2.buildEnvironmentFrom (c:\\Users\\Gabriel\\.vscode\\extensions\\uqbar.wollok-lsp-ide-0.5.3\\out\\server\\src\\server.js:2393:5254)\n    at U2.updateEnvironmentWith (c:\\Users\\Gabriel\\.vscode\\extensions\\uqbar.wollok-lsp-ide-0.5.3\\out\\server\\src\\server.js:2393:4989)\n    at JF (c:\\Users\\Gabriel\\.vscode\\extensions\\uqbar.wollok-lsp-ide-0.5.3\\out\\server\\src\\server.js:2393:7383)\n    at F3.invoke (c:\\Users\\Gabriel\\.vscode\\extensions\\uqbar.wollok-lsp-ide-0.5.3\\out\\server\\src\\server.js:3:157334)\n    at o.fire (c:\\Users\\Gabriel\\.vscode\\extensions\\uqbar.wollok-lsp-ide-0.5.3\\out\\server\\src\\server.js:3:158104)\n    at c:\\Users\\Gabriel\\.vscode\\extensions\\uqbar.wollok-lsp-ide-0.5.3\\out\\server\\src\\server.js:37:57871\n    at Zr (c:\\Users\\Gabriel\\.vscode\\extensions\\uqbar.wollok-lsp-ide-0.5.3\\out\\server\\src\\server.js:8:1561)","timestamp":"2025-10-25T23:51:31.780Z"}
{"level":"error","message":"✘ Failed to rebuild document Failed to parse src/gimnasia.wlk: \n-- PARSING FAILED --------------------------------------------------\n\n   9 | \n  10 | \n> 11 | class Running inh{\n     |               ^\n  12 |     \n  13 |     var property intensidad\n\nExpected one of the following: \n\n'inherits', '{', whitespace\n","stack":"Error: Failed to parse src/gimnasia.wlk: \n-- PARSING FAILED --------------------------------------------------\n\n   9 | \n  10 | \n> 11 | class Running inh{\n     |               ^\n  12 |     \n  13 |     var property intensidad\n\nExpected one of the following: \n\n'inherits', '{', whitespace\n\n    at c:\\Users\\Gabriel\\.vscode\\extensions\\uqbar.wollok-lsp-ide-0.5.3\\out\\server\\src\\server.js:2348:13026\n    at Array.map (<anonymous>)\n    at W1n (c:\\Users\\Gabriel\\.vscode\\extensions\\uqbar.wollok-lsp-ide-0.5.3\\out\\server\\src\\server.js:2348:12950)\n    at U2.buildEnvironmentFrom (c:\\Users\\Gabriel\\.vscode\\extensions\\uqbar.wollok-lsp-ide-0.5.3\\out\\server\\src\\server.js:2393:5254)\n    at U2.updateEnvironmentWith (c:\\Users\\Gabriel\\.vscode\\extensions\\uqbar.wollok-lsp-ide-0.5.3\\out\\server\\src\\server.js:2393:4989)\n    at JF (c:\\Users\\Gabriel\\.vscode\\extensions\\uqbar.wollok-lsp-ide-0.5.3\\out\\server\\src\\server.js:2393:7383)\n    at F3.invoke (c:\\Users\\Gabriel\\.vscode\\extensions\\uqbar.wollok-lsp-ide-0.5.3\\out\\server\\src\\server.js:3:157334)\n    at o.fire (c:\\Users\\Gabriel\\.vscode\\extensions\\uqbar.wollok-lsp-ide-0.5.3\\out\\server\\src\\server.js:3:158104)\n    at c:\\Users\\Gabriel\\.vscode\\extensions\\uqbar.wollok-lsp-ide-0.5.3\\out\\server\\src\\server.js:37:57871\n    at Zr (c:\\Users\\Gabriel\\.vscode\\extensions\\uqbar.wollok-lsp-ide-0.5.3\\out\\server\\src\\server.js:8:1561)","timestamp":"2025-10-25T23:51:32.100Z"}
{"level":"error","message":"✘ Failed to rebuild document Failed to parse src/gimnasia.wlk: \n-- PARSING FAILED --------------------------------------------------\n\n   9 | \n  10 | \n> 11 | class Running inhe{\n     |               ^\n  12 |     \n  13 |     var property intensidad\n\nExpected one of the following: \n\n'inherits', '{', whitespace\n","stack":"Error: Failed to parse src/gimnasia.wlk: \n-- PARSING FAILED --------------------------------------------------\n\n   9 | \n  10 | \n> 11 | class Running inhe{\n     |               ^\n  12 |     \n  13 |     var property intensidad\n\nExpected one of the following: \n\n'inherits', '{', whitespace\n\n    at c:\\Users\\Gabriel\\.vscode\\extensions\\uqbar.wollok-lsp-ide-0.5.3\\out\\server\\src\\server.js:2348:13026\n    at Array.map (<anonymous>)\n    at W1n (c:\\Users\\Gabriel\\.vscode\\extensions\\uqbar.wollok-lsp-ide-0.5.3\\out\\server\\src\\server.js:2348:12950)\n    at U2.buildEnvironmentFrom (c:\\Users\\Gabriel\\.vscode\\extensions\\uqbar.wollok-lsp-ide-0.5.3\\out\\server\\src\\server.js:2393:5254)\n    at U2.updateEnvironmentWith (c:\\Users\\Gabriel\\.vscode\\extensions\\uqbar.wollok-lsp-ide-0.5.3\\out\\server\\src\\server.js:2393:4989)\n    at JF (c:\\Users\\Gabriel\\.vscode\\extensions\\uqbar.wollok-lsp-ide-0.5.3\\out\\server\\src\\server.js:2393:7383)\n    at F3.invoke (c:\\Users\\Gabriel\\.vscode\\extensions\\uqbar.wollok-lsp-ide-0.5.3\\out\\server\\src\\server.js:3:157334)\n    at o.fire (c:\\Users\\Gabriel\\.vscode\\extensions\\uqbar.wollok-lsp-ide-0.5.3\\out\\server\\src\\server.js:3:158104)\n    at c:\\Users\\Gabriel\\.vscode\\extensions\\uqbar.wollok-lsp-ide-0.5.3\\out\\server\\src\\server.js:37:57871\n    at Zr (c:\\Users\\Gabriel\\.vscode\\extensions\\uqbar.wollok-lsp-ide-0.5.3\\out\\server\\src\\server.js:8:1561)","timestamp":"2025-10-25T23:51:32.163Z"}
{"level":"error","message":"✘ Failed to rebuild document Failed to parse src/gimnasia.wlk: \n-- PARSING FAILED --------------------------------------------------\n\n   9 | \n  10 | \n> 11 | class Running inher{\n     |               ^\n  12 |     \n  13 |     var property intensidad\n\nExpected one of the following: \n\n'inherits', '{', whitespace\n","stack":"Error: Failed to parse src/gimnasia.wlk: \n-- PARSING FAILED --------------------------------------------------\n\n   9 | \n  10 | \n> 11 | class Running inher{\n     |               ^\n  12 |     \n  13 |     var property intensidad\n\nExpected one of the following: \n\n'inherits', '{', whitespace\n\n    at c:\\Users\\Gabriel\\.vscode\\extensions\\uqbar.wollok-lsp-ide-0.5.3\\out\\server\\src\\server.js:2348:13026\n    at Array.map (<anonymous>)\n    at W1n (c:\\Users\\Gabriel\\.vscode\\extensions\\uqbar.wollok-lsp-ide-0.5.3\\out\\server\\src\\server.js:2348:12950)\n    at U2.buildEnvironmentFrom (c:\\Users\\Gabriel\\.vscode\\extensions\\uqbar.wollok-lsp-ide-0.5.3\\out\\server\\src\\server.js:2393:5254)\n    at U2.updateEnvironmentWith (c:\\Users\\Gabriel\\.vscode\\extensions\\uqbar.wollok-lsp-ide-0.5.3\\out\\server\\src\\server.js:2393:4989)\n    at JF (c:\\Users\\Gabriel\\.vscode\\extensions\\uqbar.wollok-lsp-ide-0.5.3\\out\\server\\src\\server.js:2393:7383)\n    at F3.invoke (c:\\Users\\Gabriel\\.vscode\\extensions\\uqbar.wollok-lsp-ide-0.5.3\\out\\server\\src\\server.js:3:157334)\n    at o.fire (c:\\Users\\Gabriel\\.vscode\\extensions\\uqbar.wollok-lsp-ide-0.5.3\\out\\server\\src\\server.js:3:158104)\n    at c:\\Users\\Gabriel\\.vscode\\extensions\\uqbar.wollok-lsp-ide-0.5.3\\out\\server\\src\\server.js:37:57871\n    at Zr (c:\\Users\\Gabriel\\.vscode\\extensions\\uqbar.wollok-lsp-ide-0.5.3\\out\\server\\src\\server.js:8:1561)","timestamp":"2025-10-25T23:51:32.188Z"}
{"level":"error","message":"✘ Failed to rebuild document Failed to parse src/gimnasia.wlk: \n-- PARSING FAILED --------------------------------------------------\n\n   9 | \n  10 | \n> 11 | class Running inheri{\n     |               ^\n  12 |     \n  13 |     var property intensidad\n\nExpected one of the following: \n\n'inherits', '{', whitespace\n","stack":"Error: Failed to parse src/gimnasia.wlk: \n-- PARSING FAILED --------------------------------------------------\n\n   9 | \n  10 | \n> 11 | class Running inheri{\n     |               ^\n  12 |     \n  13 |     var property intensidad\n\nExpected one of the following: \n\n'inherits', '{', whitespace\n\n    at c:\\Users\\Gabriel\\.vscode\\extensions\\uqbar.wollok-lsp-ide-0.5.3\\out\\server\\src\\server.js:2348:13026\n    at Array.map (<anonymous>)\n    at W1n (c:\\Users\\Gabriel\\.vscode\\extensions\\uqbar.wollok-lsp-ide-0.5.3\\out\\server\\src\\server.js:2348:12950)\n    at U2.buildEnvironmentFrom (c:\\Users\\Gabriel\\.vscode\\extensions\\uqbar.wollok-lsp-ide-0.5.3\\out\\server\\src\\server.js:2393:5254)\n    at U2.updateEnvironmentWith (c:\\Users\\Gabriel\\.vscode\\extensions\\uqbar.wollok-lsp-ide-0.5.3\\out\\server\\src\\server.js:2393:4989)\n    at JF (c:\\Users\\Gabriel\\.vscode\\extensions\\uqbar.wollok-lsp-ide-0.5.3\\out\\server\\src\\server.js:2393:7383)\n    at F3.invoke (c:\\Users\\Gabriel\\.vscode\\extensions\\uqbar.wollok-lsp-ide-0.5.3\\out\\server\\src\\server.js:3:157334)\n    at o.fire (c:\\Users\\Gabriel\\.vscode\\extensions\\uqbar.wollok-lsp-ide-0.5.3\\out\\server\\src\\server.js:3:158104)\n    at c:\\Users\\Gabriel\\.vscode\\extensions\\uqbar.wollok-lsp-ide-0.5.3\\out\\server\\src\\server.js:37:57871\n    at Zr (c:\\Users\\Gabriel\\.vscode\\extensions\\uqbar.wollok-lsp-ide-0.5.3\\out\\server\\src\\server.js:8:1561)","timestamp":"2025-10-25T23:51:32.312Z"}
{"level":"error","message":"✘ Failed to rebuild document Failed to parse src/gimnasia.wlk: \n-- PARSING FAILED --------------------------------------------------\n\n   9 | \n  10 | \n> 11 | class Running inherit{\n     |               ^\n  12 |     \n  13 |     var property intensidad\n\nExpected one of the following: \n\n'inherits', '{', whitespace\n","stack":"Error: Failed to parse src/gimnasia.wlk: \n-- PARSING FAILED --------------------------------------------------\n\n   9 | \n  10 | \n> 11 | class Running inherit{\n     |               ^\n  12 |     \n  13 |     var property intensidad\n\nExpected one of the following: \n\n'inherits', '{', whitespace\n\n    at c:\\Users\\Gabriel\\.vscode\\extensions\\uqbar.wollok-lsp-ide-0.5.3\\out\\server\\src\\server.js:2348:13026\n    at Array.map (<anonymous>)\n    at W1n (c:\\Users\\Gabriel\\.vscode\\extensions\\uqbar.wollok-lsp-ide-0.5.3\\out\\server\\src\\server.js:2348:12950)\n    at U2.buildEnvironmentFrom (c:\\Users\\Gabriel\\.vscode\\extensions\\uqbar.wollok-lsp-ide-0.5.3\\out\\server\\src\\server.js:2393:5254)\n    at U2.updateEnvironmentWith (c:\\Users\\Gabriel\\.vscode\\extensions\\uqbar.wollok-lsp-ide-0.5.3\\out\\server\\src\\server.js:2393:4989)\n    at JF (c:\\Users\\Gabriel\\.vscode\\extensions\\uqbar.wollok-lsp-ide-0.5.3\\out\\server\\src\\server.js:2393:7383)\n    at F3.invoke (c:\\Users\\Gabriel\\.vscode\\extensions\\uqbar.wollok-lsp-ide-0.5.3\\out\\server\\src\\server.js:3:157334)\n    at o.fire (c:\\Users\\Gabriel\\.vscode\\extensions\\uqbar.wollok-lsp-ide-0.5.3\\out\\server\\src\\server.js:3:158104)\n    at c:\\Users\\Gabriel\\.vscode\\extensions\\uqbar.wollok-lsp-ide-0.5.3\\out\\server\\src\\server.js:37:57871\n    at Zr (c:\\Users\\Gabriel\\.vscode\\extensions\\uqbar.wollok-lsp-ide-0.5.3\\out\\server\\src\\server.js:8:1561)","timestamp":"2025-10-25T23:51:32.421Z"}
{"level":"error","message":"✘ Failed to rebuild document Failed to parse src/gimnasia.wlk: \n-- PARSING FAILED --------------------------------------------------\n\n   9 | \n  10 | \n> 11 | class Running inherits{\n     |                       ^\n  12 |     \n  13 |     var property intensidad\n\nExpected one of the following: \n\n'@', comment, identifier, package identifier, whitespace\n","stack":"Error: Failed to parse src/gimnasia.wlk: \n-- PARSING FAILED --------------------------------------------------\n\n   9 | \n  10 | \n> 11 | class Running inherits{\n     |                       ^\n  12 |     \n  13 |     var property intensidad\n\nExpected one of the following: \n\n'@', comment, identifier, package identifier, whitespace\n\n    at c:\\Users\\Gabriel\\.vscode\\extensions\\uqbar.wollok-lsp-ide-0.5.3\\out\\server\\src\\server.js:2348:13026\n    at Array.map (<anonymous>)\n    at W1n (c:\\Users\\Gabriel\\.vscode\\extensions\\uqbar.wollok-lsp-ide-0.5.3\\out\\server\\src\\server.js:2348:12950)\n    at U2.buildEnvironmentFrom (c:\\Users\\Gabriel\\.vscode\\extensions\\uqbar.wollok-lsp-ide-0.5.3\\out\\server\\src\\server.js:2393:5254)\n    at U2.updateEnvironmentWith (c:\\Users\\Gabriel\\.vscode\\extensions\\uqbar.wollok-lsp-ide-0.5.3\\out\\server\\src\\server.js:2393:4989)\n    at JF (c:\\Users\\Gabriel\\.vscode\\extensions\\uqbar.wollok-lsp-ide-0.5.3\\out\\server\\src\\server.js:2393:7383)\n    at F3.invoke (c:\\Users\\Gabriel\\.vscode\\extensions\\uqbar.wollok-lsp-ide-0.5.3\\out\\server\\src\\server.js:3:157334)\n    at o.fire (c:\\Users\\Gabriel\\.vscode\\extensions\\uqbar.wollok-lsp-ide-0.5.3\\out\\server\\src\\server.js:3:158104)\n    at c:\\Users\\Gabriel\\.vscode\\extensions\\uqbar.wollok-lsp-ide-0.5.3\\out\\server\\src\\server.js:37:57871\n    at Zr (c:\\Users\\Gabriel\\.vscode\\extensions\\uqbar.wollok-lsp-ide-0.5.3\\out\\server\\src\\server.js:8:1561)","timestamp":"2025-10-25T23:51:32.600Z"}
{"level":"error","message":"✘ Failed to rebuild document Failed to parse src/gimnasia.wlk: \n-- PARSING FAILED --------------------------------------------------\n\n   9 | \n  10 | \n> 11 | class Running inherits {\n     |                        ^\n  12 |     \n  13 |     var property intensidad\n\nExpected one of the following: \n\n'@', comment, identifier, package identifier, whitespace\n","stack":"Error: Failed to parse src/gimnasia.wlk: \n-- PARSING FAILED --------------------------------------------------\n\n   9 | \n  10 | \n> 11 | class Running inherits {\n     |                        ^\n  12 |     \n  13 |     var property intensidad\n\nExpected one of the following: \n\n'@', comment, identifier, package identifier, whitespace\n\n    at c:\\Users\\Gabriel\\.vscode\\extensions\\uqbar.wollok-lsp-ide-0.5.3\\out\\server\\src\\server.js:2348:13026\n    at Array.map (<anonymous>)\n    at W1n (c:\\Users\\Gabriel\\.vscode\\extensions\\uqbar.wollok-lsp-ide-0.5.3\\out\\server\\src\\server.js:2348:12950)\n    at U2.buildEnvironmentFrom (c:\\Users\\Gabriel\\.vscode\\extensions\\uqbar.wollok-lsp-ide-0.5.3\\out\\server\\src\\server.js:2393:5254)\n    at U2.updateEnvironmentWith (c:\\Users\\Gabriel\\.vscode\\extensions\\uqbar.wollok-lsp-ide-0.5.3\\out\\server\\src\\server.js:2393:4989)\n    at JF (c:\\Users\\Gabriel\\.vscode\\extensions\\uqbar.wollok-lsp-ide-0.5.3\\out\\server\\src\\server.js:2393:7383)\n    at F3.invoke (c:\\Users\\Gabriel\\.vscode\\extensions\\uqbar.wollok-lsp-ide-0.5.3\\out\\server\\src\\server.js:3:157334)\n    at o.fire (c:\\Users\\Gabriel\\.vscode\\extensions\\uqbar.wollok-lsp-ide-0.5.3\\out\\server\\src\\server.js:3:158104)\n    at c:\\Users\\Gabriel\\.vscode\\extensions\\uqbar.wollok-lsp-ide-0.5.3\\out\\server\\src\\server.js:37:57871\n    at Zr (c:\\Users\\Gabriel\\.vscode\\extensions\\uqbar.wollok-lsp-ide-0.5.3\\out\\server\\src\\server.js:8:1561)","timestamp":"2025-10-25T23:51:32.685Z"}
{"level":"info","message":"⌛ Building environment","timeElapsed":330,"timestamp":"2025-10-25T23:51:34.173Z"}
{"level":"error","message":"✘ Completions for node ParameterizedType ([11:24, 11:25] - src/gimnasia.wlk) failed: Error: [ParameterizedType]{72cdac} at src/gimnasia.wlk:11 exhausted all cases without a match [ParameterizedType]{72cdac} at src/gimnasia.wlk:11 exhausted all cases without a match","stack":"Error: [ParameterizedType]{72cdac} at src/gimnasia.wlk:11 exhausted all cases without a match\n    at c:\\Users\\Gabriel\\.vscode\\extensions\\uqbar.wollok-lsp-ide-0.5.3\\out\\server\\src\\server.js:38:6142\n    at D2 (c:\\Users\\Gabriel\\.vscode\\extensions\\uqbar.wollok-lsp-ide-0.5.3\\out\\server\\src\\server.js:2384:42)\n    at Qh (c:\\Users\\Gabriel\\.vscode\\extensions\\uqbar.wollok-lsp-ide-0.5.3\\out\\server\\src\\server.js:2384:1092)\n    at k6n (c:\\Users\\Gabriel\\.vscode\\extensions\\uqbar.wollok-lsp-ide-0.5.3\\out\\server\\src\\server.js:2384:1248)\n    at c:\\Users\\Gabriel\\.vscode\\extensions\\uqbar.wollok-lsp-ide-0.5.3\\out\\server\\src\\server.js:38:6131\n    at D2 (c:\\Users\\Gabriel\\.vscode\\extensions\\uqbar.wollok-lsp-ide-0.5.3\\out\\server\\src\\server.js:2384:42)\n    at c:\\Users\\Gabriel\\.vscode\\extensions\\uqbar.wollok-lsp-ide-0.5.3\\out\\server\\src\\server.js:2384:2988\n    at c:\\Users\\Gabriel\\.vscode\\extensions\\uqbar.wollok-lsp-ide-0.5.3\\out\\server\\src\\server.js:2393:8440\n    at c:\\Users\\Gabriel\\.vscode\\extensions\\uqbar.wollok-lsp-ide-0.5.3\\out\\server\\src\\server.js:37:74872\n    at Ye (c:\\Users\\Gabriel\\.vscode\\extensions\\uqbar.wollok-lsp-ide-0.5.3\\out\\server\\src\\server.js:7:8527)","timestamp":"2025-10-25T23:51:34.283Z"}
{"level":"info","message":"⌛ Building environment","timeElapsed":362,"timestamp":"2025-10-25T23:51:34.648Z"}
{"level":"info","message":"⌛ Building environment","timeElapsed":221,"timestamp":"2025-10-25T23:51:34.900Z"}
{"level":"info","message":"⌛ Validating src/gimnasia.wlk","timeElapsed":348,"timestamp":"2025-10-25T23:51:35.283Z"}
{"level":"info","message":"⌛ Building environment","timeElapsed":347,"timestamp":"2025-10-25T23:51:35.647Z"}
{"level":"info","message":"⌛ Building environment","timeElapsed":261,"timestamp":"2025-10-25T23:51:35.912Z"}
{"level":"info","message":"⌛ Building environment","timeElapsed":235,"timestamp":"2025-10-25T23:51:36.151Z"}
{"level":"info","message":"⌛ Validating src/gimnasia.wlk","timeElapsed":385,"timestamp":"2025-10-25T23:51:36.538Z"}
{"level":"info","message":"⌛ Building environment","timeElapsed":197,"timestamp":"2025-10-25T23:51:36.736Z"}
{"level":"info","message":"⌛ Validating src/gimnasia.wlk","timeElapsed":359,"timestamp":"2025-10-25T23:51:37.097Z"}
{"level":"info","message":"⌛ Validating src/gimnasia.wlk","timeElapsed":374,"timestamp":"2025-10-25T23:51:37.508Z"}
{"level":"info","message":"⌛ Validating src/gimnasia.wlk","timeElapsed":319,"timestamp":"2025-10-25T23:51:37.828Z"}
{"level":"info","message":"⌛ Validating src/gimnasia.wlk","timeElapsed":327,"timestamp":"2025-10-25T23:51:38.164Z"}
{"level":"info","message":"⌛ Validating src/gimnasia.wlk","timeElapsed":339,"timestamp":"2025-10-25T23:51:38.503Z"}
{"level":"info","message":"⌛ Building environment","timeElapsed":374,"timestamp":"2025-10-25T23:51:39.828Z"}
{"level":"info","message":"⌛ Validating src/gimnasia.wlk","timeElapsed":378,"timestamp":"2025-10-25T23:51:40.241Z"}
{"level":"info","message":"⌛ Building environment","timeElapsed":212,"timestamp":"2025-10-25T23:51:40.456Z"}
{"level":"info","message":"⌛ Validating src/gimnasia.wlk","timeElapsed":378,"timestamp":"2025-10-25T23:51:40.891Z"}
{"level":"info","message":"⌛ Building environment","timeElapsed":331,"timestamp":"2025-10-25T23:51:54.437Z"}
{"level":"info","message":"⌛ Validating src/gimnasia.wlk","timeElapsed":382,"timestamp":"2025-10-25T23:51:54.879Z"}
{"level":"info","message":"⌛ Building environment","timeElapsed":186,"timestamp":"2025-10-25T23:52:07.727Z"}
{"level":"info","message":"⌛ Validating src/gimnasia.wlk","timeElapsed":437,"timestamp":"2025-10-25T23:52:08.169Z"}
{"level":"info","message":"⌛ Building environment","timeElapsed":319,"timestamp":"2025-10-25T23:52:08.510Z"}
{"level":"info","message":"⌛ Validating src/gimnasia.wlk","timeElapsed":345,"timestamp":"2025-10-25T23:52:08.869Z"}
{"level":"info","message":"⌛ Building environment","timeElapsed":313,"timestamp":"2025-10-25T23:52:36.784Z"}
{"level":"info","message":"⌛ Validating src/gimnasia.wlk","timeElapsed":452,"timestamp":"2025-10-25T23:52:37.272Z"}
{"level":"info","message":"⌛ Building environment","timeElapsed":255,"timestamp":"2025-10-25T23:52:38.165Z"}
{"level":"info","message":"⌛ Validating src/gimnasia.wlk","timeElapsed":407,"timestamp":"2025-10-25T23:52:38.580Z"}
{"level":"info","message":"⌛ Building environment","timeElapsed":215,"timestamp":"2025-10-25T23:52:43.229Z"}
{"level":"info","message":"⌛ Validating src/gimnasia.wlk","timeElapsed":507,"timestamp":"2025-10-25T23:52:43.784Z"}
{"level":"info","message":"⌛ Building environment","timeElapsed":282,"timestamp":"2025-10-25T23:52:44.067Z"}
{"level":"info","message":"⌛ Building environment","timeElapsed":298,"timestamp":"2025-10-25T23:52:44.392Z"}
{"level":"info","message":"⌛ Validating src/gimnasia.wlk","timeElapsed":592,"timestamp":"2025-10-25T23:52:45.067Z"}
{"level":"info","message":"⌛ Validating src/gimnasia.wlk","timeElapsed":572,"timestamp":"2025-10-25T23:52:45.645Z"}
{"level":"info","message":"⌛ Building environment","timeElapsed":234,"timestamp":"2025-10-25T23:52:50.863Z"}
{"level":"info","message":"⌛ Building environment","timeElapsed":234,"timestamp":"2025-10-25T23:52:51.227Z"}
{"level":"info","message":"⌛ Validating src/gimnasia.wlk","timeElapsed":445,"timestamp":"2025-10-25T23:52:51.715Z"}
{"level":"info","message":"⌛ Building environment","timeElapsed":284,"timestamp":"2025-10-25T23:52:52.001Z"}
{"level":"info","message":"⌛ Building environment","timeElapsed":230,"timestamp":"2025-10-25T23:52:52.257Z"}
{"level":"info","message":"⌛ Building environment","timeElapsed":209,"timestamp":"2025-10-25T23:52:52.468Z"}
{"level":"info","message":"⌛ Validating src/gimnasia.wlk","timeElapsed":438,"timestamp":"2025-10-25T23:52:52.918Z"}
{"level":"info","message":"⌛ Building environment","timeElapsed":647,"timestamp":"2025-10-25T23:52:53.580Z"}
{"level":"info","message":"⌛ Building environment","timeElapsed":394,"timestamp":"2025-10-25T23:52:53.978Z"}
{"level":"info","message":"⌛ Building environment","timeElapsed":262,"timestamp":"2025-10-25T23:52:54.241Z"}
{"level":"info","message":"⌛ Building environment","timeElapsed":257,"timestamp":"2025-10-25T23:52:54.501Z"}
{"level":"info","message":"⌛ Validating src/gimnasia.wlk","timeElapsed":398,"timestamp":"2025-10-25T23:52:54.902Z"}
{"level":"info","message":"⌛ Validating src/gimnasia.wlk","timeElapsed":362,"timestamp":"2025-10-25T23:52:55.294Z"}
{"level":"info","message":"⌛ Validating src/gimnasia.wlk","timeElapsed":416,"timestamp":"2025-10-25T23:52:55.710Z"}
{"level":"info","message":"⌛ Validating src/gimnasia.wlk","timeElapsed":334,"timestamp":"2025-10-25T23:52:56.133Z"}
{"level":"info","message":"⌛ Validating src/gimnasia.wlk","timeElapsed":381,"timestamp":"2025-10-25T23:52:56.521Z"}
{"level":"info","message":"⌛ Validating src/gimnasia.wlk","timeElapsed":356,"timestamp":"2025-10-25T23:52:56.879Z"}
{"level":"info","message":"⌛ Validating src/gimnasia.wlk","timeElapsed":363,"timestamp":"2025-10-25T23:52:57.243Z"}
{"level":"info","message":"⌛ Building environment","timeElapsed":543,"timestamp":"2025-10-26T00:01:02.693Z"}
{"level":"info","message":"⌛ Building environment","timeElapsed":507,"timestamp":"2025-10-26T00:01:03.207Z"}
{"level":"info","message":"⌛ Validating src/gimnasia.wlk","timeElapsed":597,"timestamp":"2025-10-26T00:01:03.964Z"}
{"level":"info","message":"⌛ Validating src/gimnasia.wlk","timeElapsed":657,"timestamp":"2025-10-26T00:01:04.625Z"}
{"level":"info","message":"⌛ Building environment","timeElapsed":472,"timestamp":"2025-10-26T00:01:06.015Z"}
{"level":"info","message":"⌛ Building environment","timeElapsed":525,"timestamp":"2025-10-26T00:01:06.564Z"}
{"level":"info","message":"⌛ Validating src/gimnasia.wlk","timeElapsed":721,"timestamp":"2025-10-26T00:01:07.454Z"}
{"level":"info","message":"⌛ Validating src/gimnasia.wlk","timeElapsed":754,"timestamp":"2025-10-26T00:01:08.212Z"}
{"level":"info","message":"⌛ Building environment","timeElapsed":341,"timestamp":"2025-10-26T00:01:08.559Z"}
{"level":"info","message":"⌛ Building environment","timeElapsed":316,"timestamp":"2025-10-26T00:01:08.909Z"}
{"level":"info","message":"⌛ Building environment","timeElapsed":369,"timestamp":"2025-10-26T00:01:09.390Z"}
{"level":"info","message":"⌛ Building environment","timeElapsed":305,"timestamp":"2025-10-26T00:01:09.732Z"}
{"level":"info","message":"⌛ Validating src/gimnasia.wlk","timeElapsed":491,"timestamp":"2025-10-26T00:01:10.259Z"}
{"level":"info","message":"⌛ Validating src/gimnasia.wlk","timeElapsed":408,"timestamp":"2025-10-26T00:01:10.680Z"}
{"level":"info","message":"⌛ Validating src/gimnasia.wlk","timeElapsed":413,"timestamp":"2025-10-26T00:01:11.097Z"}
{"level":"info","message":"⌛ Validating src/gimnasia.wlk","timeElapsed":594,"timestamp":"2025-10-26T00:01:11.692Z"}
{"level":"info","message":"⌛ Building environment","timeElapsed":501,"timestamp":"2025-10-26T00:15:36.375Z"}
{"level":"info","message":"⌛ Autocomplete - Method","timeElapsed":195,"timestamp":"2025-10-26T00:15:36.590Z"}
{"level":"info","message":"⌛ Building environment","timeElapsed":501,"timestamp":"2025-10-26T00:15:37.094Z"}
{"level":"info","message":"⌛ Building environment","timeElapsed":587,"timestamp":"2025-10-26T00:15:37.699Z"}
{"level":"info","message":"⌛ Building environment","timeElapsed":403,"timestamp":"2025-10-26T00:15:38.105Z"}
{"level":"info","message":"⌛ Validating src/gimnasia.wlk","timeElapsed":600,"timestamp":"2025-10-26T00:15:38.724Z"}
{"level":"info","message":"⌛ Building environment","timeElapsed":385,"timestamp":"2025-10-26T00:15:39.123Z"}
{"level":"info","message":"⌛ Building environment","timeElapsed":269,"timestamp":"2025-10-26T00:15:39.394Z"}
{"level":"info","message":"⌛ Building environment","timeElapsed":465,"timestamp":"2025-10-26T00:15:39.900Z"}
{"level":"info","message":"⌛ Building environment","timeElapsed":311,"timestamp":"2025-10-26T00:15:40.214Z"}
{"level":"info","message":"⌛ Building environment","timeElapsed":272,"timestamp":"2025-10-26T00:15:40.489Z"}
{"level":"info","message":"⌛ Validating src/gimnasia.wlk","timeElapsed":530,"timestamp":"2025-10-26T00:15:41.021Z"}
{"level":"info","message":"⌛ Validating src/gimnasia.wlk","timeElapsed":546,"timestamp":"2025-10-26T00:15:41.593Z"}
{"level":"info","message":"⌛ Validating src/gimnasia.wlk","timeElapsed":571,"timestamp":"2025-10-26T00:15:42.165Z"}
{"level":"info","message":"⌛ Validating src/gimnasia.wlk","timeElapsed":478,"timestamp":"2025-10-26T00:15:42.694Z"}
{"level":"info","message":"⌛ Validating src/gimnasia.wlk","timeElapsed":459,"timestamp":"2025-10-26T00:15:43.166Z"}
{"level":"info","message":"⌛ Validating src/gimnasia.wlk","timeElapsed":482,"timestamp":"2025-10-26T00:15:43.650Z"}
{"level":"info","message":"⌛ Validating src/gimnasia.wlk","timeElapsed":528,"timestamp":"2025-10-26T00:15:44.180Z"}
{"level":"info","message":"⌛ Validating src/gimnasia.wlk","timeElapsed":578,"timestamp":"2025-10-26T00:15:44.761Z"}
{"level":"info","message":"⌛ Building environment","timeElapsed":354,"timestamp":"2025-10-26T00:16:12.729Z"}
{"level":"info","message":"⌛ Validating src/gimnasia.wlk","timeElapsed":700,"timestamp":"2025-10-26T00:16:13.454Z"}
{"level":"info","message":"⌛ Building environment","timeElapsed":412,"timestamp":"2025-10-26T00:16:13.873Z"}
{"level":"info","message":"⌛ Building environment","timeElapsed":310,"timestamp":"2025-10-26T00:16:14.185Z"}
{"level":"info","message":"⌛ Building environment","timeElapsed":377,"timestamp":"2025-10-26T00:16:14.604Z"}
{"level":"info","message":"⌛ Building environment","timeElapsed":638,"timestamp":"2025-10-26T00:16:15.246Z"}
{"level":"info","message":"⌛ Building environment","timeElapsed":334,"timestamp":"2025-10-26T00:16:15.584Z"}
{"level":"info","message":"⌛ Validating src/gimnasia.wlk","timeElapsed":553,"timestamp":"2025-10-26T00:16:16.161Z"}
{"level":"info","message":"⌛ Validating src/gimnasia.wlk","timeElapsed":517,"timestamp":"2025-10-26T00:16:16.692Z"}
{"level":"info","message":"⌛ Building environment","timeElapsed":307,"timestamp":"2025-10-26T00:16:17.007Z"}
{"level":"info","message":"⌛ Validating src/gimnasia.wlk","timeElapsed":621,"timestamp":"2025-10-26T00:16:17.631Z"}
{"level":"info","message":"⌛ Building environment","timeElapsed":324,"timestamp":"2025-10-26T00:16:17.957Z"}
{"level":"info","message":"⌛ Building environment","timeElapsed":542,"timestamp":"2025-10-26T00:16:18.500Z"}
{"level":"info","message":"⌛ Validating src/gimnasia.wlk","timeElapsed":707,"timestamp":"2025-10-26T00:16:19.229Z"}
{"level":"info","message":"⌛ Validating src/gimnasia.wlk","timeElapsed":542,"timestamp":"2025-10-26T00:16:19.782Z"}
{"level":"info","message":"⌛ Validating src/gimnasia.wlk","timeElapsed":630,"timestamp":"2025-10-26T00:16:20.456Z"}
{"level":"info","message":"⌛ Validating src/gimnasia.wlk","timeElapsed":565,"timestamp":"2025-10-26T00:16:21.034Z"}
{"level":"info","message":"⌛ Validating src/gimnasia.wlk","timeElapsed":962,"timestamp":"2025-10-26T00:16:22.006Z"}
{"level":"info","message":"⌛ Building environment","timeElapsed":360,"timestamp":"2025-10-26T00:16:36.234Z"}
{"level":"info","message":"⌛ Validating src/gimnasia.wlk","timeElapsed":796,"timestamp":"2025-10-26T00:16:37.073Z"}
{"level":"info","message":"⌛ Building environment","timeElapsed":364,"timestamp":"2025-10-26T00:16:37.657Z"}
{"level":"info","message":"⌛ Building environment","timeElapsed":376,"timestamp":"2025-10-26T00:16:38.107Z"}
{"level":"info","message":"⌛ Building environment","timeElapsed":505,"timestamp":"2025-10-26T00:16:38.617Z"}
{"level":"info","message":"⌛ Validating src/gimnasia.wlk","timeElapsed":816,"timestamp":"2025-10-26T00:16:39.451Z"}
{"level":"info","message":"⌛ Building environment","timeElapsed":326,"timestamp":"2025-10-26T00:16:39.787Z"}
{"level":"info","message":"⌛ Building environment","timeElapsed":254,"timestamp":"2025-10-26T00:16:40.042Z"}
{"level":"info","message":"⌛ Validating src/gimnasia.wlk","timeElapsed":497,"timestamp":"2025-10-26T00:16:40.542Z"}
{"level":"info","message":"⌛ Building environment","timeElapsed":227,"timestamp":"2025-10-26T00:16:40.787Z"}
{"level":"info","message":"⌛ Validating src/gimnasia.wlk","timeElapsed":487,"timestamp":"2025-10-26T00:16:41.276Z"}
{"level":"info","message":"⌛ Validating src/gimnasia.wlk","timeElapsed":546,"timestamp":"2025-10-26T00:16:41.864Z"}
{"level":"info","message":"⌛ Validating src/gimnasia.wlk","timeElapsed":665,"timestamp":"2025-10-26T00:16:42.530Z"}
{"level":"info","message":"⌛ Validating src/gimnasia.wlk","timeElapsed":574,"timestamp":"2025-10-26T00:16:43.109Z"}
{"level":"info","message":"⌛ Building environment","timeElapsed":454,"timestamp":"2025-10-26T00:16:49.840Z"}
{"level":"error","message":"✘ Completions for node Send ([3:32, 3:48] - src/gimnasia.wlk) failed: Error: [Send]{b6aa3e} at src/gimnasia.wlk:3 exhausted all cases without a match [Send]{b6aa3e} at src/gimnasia.wlk:3 exhausted all cases without a match","stack":"Error: [Send]{b6aa3e} at src/gimnasia.wlk:3 exhausted all cases without a match\n    at c:\\Users\\Gabriel\\.vscode\\extensions\\uqbar.wollok-lsp-ide-0.5.3\\out\\server\\src\\server.js:38:6142\n    at D2 (c:\\Users\\Gabriel\\.vscode\\extensions\\uqbar.wollok-lsp-ide-0.5.3\\out\\server\\src\\server.js:2384:42)\n    at Qh (c:\\Users\\Gabriel\\.vscode\\extensions\\uqbar.wollok-lsp-ide-0.5.3\\out\\server\\src\\server.js:2384:1092)\n    at k6n (c:\\Users\\Gabriel\\.vscode\\extensions\\uqbar.wollok-lsp-ide-0.5.3\\out\\server\\src\\server.js:2384:1248)\n    at c:\\Users\\Gabriel\\.vscode\\extensions\\uqbar.wollok-lsp-ide-0.5.3\\out\\server\\src\\server.js:38:6131\n    at D2 (c:\\Users\\Gabriel\\.vscode\\extensions\\uqbar.wollok-lsp-ide-0.5.3\\out\\server\\src\\server.js:2384:42)\n    at c:\\Users\\Gabriel\\.vscode\\extensions\\uqbar.wollok-lsp-ide-0.5.3\\out\\server\\src\\server.js:2384:2988\n    at c:\\Users\\Gabriel\\.vscode\\extensions\\uqbar.wollok-lsp-ide-0.5.3\\out\\server\\src\\server.js:2393:8440\n    at c:\\Users\\Gabriel\\.vscode\\extensions\\uqbar.wollok-lsp-ide-0.5.3\\out\\server\\src\\server.js:37:74872\n    at Ye (c:\\Users\\Gabriel\\.vscode\\extensions\\uqbar.wollok-lsp-ide-0.5.3\\out\\server\\src\\server.js:7:8527)","timestamp":"2025-10-26T00:16:49.953Z"}
{"level":"error","message":"✘ Completions for node Send ([3:23, 3:48] - src/gimnasia.wlk) failed: Error: [Send]{129e8d} at src/gimnasia.wlk:3 exhausted all cases without a match [Send]{129e8d} at src/gimnasia.wlk:3 exhausted all cases without a match","stack":"Error: [Send]{129e8d} at src/gimnasia.wlk:3 exhausted all cases without a match\n    at c:\\Users\\Gabriel\\.vscode\\extensions\\uqbar.wollok-lsp-ide-0.5.3\\out\\server\\src\\server.js:38:6142\n    at D2 (c:\\Users\\Gabriel\\.vscode\\extensions\\uqbar.wollok-lsp-ide-0.5.3\\out\\server\\src\\server.js:2384:42)\n    at Qh (c:\\Users\\Gabriel\\.vscode\\extensions\\uqbar.wollok-lsp-ide-0.5.3\\out\\server\\src\\server.js:2384:1092)\n    at D2 (c:\\Users\\Gabriel\\.vscode\\extensions\\uqbar.wollok-lsp-ide-0.5.3\\out\\server\\src\\server.js:2384:544)\n    at Qh (c:\\Users\\Gabriel\\.vscode\\extensions\\uqbar.wollok-lsp-ide-0.5.3\\out\\server\\src\\server.js:2384:1092)\n    at k6n (c:\\Users\\Gabriel\\.vscode\\extensions\\uqbar.wollok-lsp-ide-0.5.3\\out\\server\\src\\server.js:2384:1248)\n    at c:\\Users\\Gabriel\\.vscode\\extensions\\uqbar.wollok-lsp-ide-0.5.3\\out\\server\\src\\server.js:38:6131\n    at D2 (c:\\Users\\Gabriel\\.vscode\\extensions\\uqbar.wollok-lsp-ide-0.5.3\\out\\server\\src\\server.js:2384:42)\n    at c:\\Users\\Gabriel\\.vscode\\extensions\\uqbar.wollok-lsp-ide-0.5.3\\out\\server\\src\\server.js:2384:2988\n    at c:\\Users\\Gabriel\\.vscode\\extensions\\uqbar.wollok-lsp-ide-0.5.3\\out\\server\\src\\server.js:2393:8440","timestamp":"2025-10-26T00:16:49.953Z"}
{"level":"error","message":"✘ Completions for node Send ([3:16, 3:49] - src/gimnasia.wlk) failed: Error: [Send]{3b276e} at src/gimnasia.wlk:3 exhausted all cases without a match [Send]{3b276e} at src/gimnasia.wlk:3 exhausted all cases without a match","stack":"Error: [Send]{3b276e} at src/gimnasia.wlk:3 exhausted all cases without a match\n    at c:\\Users\\Gabriel\\.vscode\\extensions\\uqbar.wollok-lsp-ide-0.5.3\\out\\server\\src\\server.js:38:6142\n    at D2 (c:\\Users\\Gabriel\\.vscode\\extensions\\uqbar.wollok-lsp-ide-0.5.3\\out\\server\\src\\server.js:2384:42)\n    at Qh (c:\\Users\\Gabriel\\.vscode\\extensions\\uqbar.wollok-lsp-ide-0.5.3\\out\\server\\src\\server.js:2384:1092)\n    at D2 (c:\\Users\\Gabriel\\.vscode\\extensions\\uqbar.wollok-lsp-ide-0.5.3\\out\\server\\src\\server.js:2384:544)\n    at Qh (c:\\Users\\Gabriel\\.vscode\\extensions\\uqbar.wollok-lsp-ide-0.5.3\\out\\server\\src\\server.js:2384:1092)\n    at D2 (c:\\Users\\Gabriel\\.vscode\\extensions\\uqbar.wollok-lsp-ide-0.5.3\\out\\server\\src\\server.js:2384:544)\n    at Qh (c:\\Users\\Gabriel\\.vscode\\extensions\\uqbar.wollok-lsp-ide-0.5.3\\out\\server\\src\\server.js:2384:1092)\n    at k6n (c:\\Users\\Gabriel\\.vscode\\extensions\\uqbar.wollok-lsp-ide-0.5.3\\out\\server\\src\\server.js:2384:1248)\n    at c:\\Users\\Gabriel\\.vscode\\extensions\\uqbar.wollok-lsp-ide-0.5.3\\out\\server\\src\\server.js:38:6131\n    at D2 (c:\\Users\\Gabriel\\.vscode\\extensions\\uqbar.wollok-lsp-ide-0.5.3\\out\\server\\src\\server.js:2384:42)","timestamp":"2025-10-26T00:16:49.954Z"}
{"level":"error","message":"✘ Completions for node Send ([3:16, 3:69] - src/gimnasia.wlk) failed: Error: [Send]{fd3e2d} at src/gimnasia.wlk:3 exhausted all cases without a match [Send]{fd3e2d} at src/gimnasia.wlk:3 exhausted all cases without a match","stack":"Error: [Send]{fd3e2d} at src/gimnasia.wlk:3 exhausted all cases without a match\n    at c:\\Users\\Gabriel\\.vscode\\extensions\\uqbar.wollok-lsp-ide-0.5.3\\out\\server\\src\\server.js:38:6142\n    at D2 (c:\\Users\\Gabriel\\.vscode\\extensions\\uqbar.wollok-lsp-ide-0.5.3\\out\\server\\src\\server.js:2384:42)\n    at Qh (c:\\Users\\Gabriel\\.vscode\\extensions\\uqbar.wollok-lsp-ide-0.5.3\\out\\server\\src\\server.js:2384:1092)\n    at D2 (c:\\Users\\Gabriel\\.vscode\\extensions\\uqbar.wollok-lsp-ide-0.5.3\\out\\server\\src\\server.js:2384:544)\n    at Qh (c:\\Users\\Gabriel\\.vscode\\extensions\\uqbar.wollok-lsp-ide-0.5.3\\out\\server\\src\\server.js:2384:1092)\n    at D2 (c:\\Users\\Gabriel\\.vscode\\extensions\\uqbar.wollok-lsp-ide-0.5.3\\out\\server\\src\\server.js:2384:544)\n    at Qh (c:\\Users\\Gabriel\\.vscode\\extensions\\uqbar.wollok-lsp-ide-0.5.3\\out\\server\\src\\server.js:2384:1092)\n    at D2 (c:\\Users\\Gabriel\\.vscode\\extensions\\uqbar.wollok-lsp-ide-0.5.3\\out\\server\\src\\server.js:2384:544)\n    at Qh (c:\\Users\\Gabriel\\.vscode\\extensions\\uqbar.wollok-lsp-ide-0.5.3\\out\\server\\src\\server.js:2384:1092)\n    at k6n (c:\\Users\\Gabriel\\.vscode\\extensions\\uqbar.wollok-lsp-ide-0.5.3\\out\\server\\src\\server.js:2384:1248)","timestamp":"2025-10-26T00:16:49.955Z"}
{"level":"error","message":"✘ Completions for node Return ([3:9, 3:69] - src/gimnasia.wlk) failed: Error: [Return]{1073e4} at src/gimnasia.wlk:3 exhausted all cases without a match [Return]{1073e4} at src/gimnasia.wlk:3 exhausted all cases without a match","stack":"Error: [Return]{1073e4} at src/gimnasia.wlk:3 exhausted all cases without a match\n    at c:\\Users\\Gabriel\\.vscode\\extensions\\uqbar.wollok-lsp-ide-0.5.3\\out\\server\\src\\server.js:38:6142\n    at D2 (c:\\Users\\Gabriel\\.vscode\\extensions\\uqbar.wollok-lsp-ide-0.5.3\\out\\server\\src\\server.js:2384:42)\n    at Qh (c:\\Users\\Gabriel\\.vscode\\extensions\\uqbar.wollok-lsp-ide-0.5.3\\out\\server\\src\\server.js:2384:1092)\n    at D2 (c:\\Users\\Gabriel\\.vscode\\extensions\\uqbar.wollok-lsp-ide-0.5.3\\out\\server\\src\\server.js:2384:544)\n    at Qh (c:\\Users\\Gabriel\\.vscode\\extensions\\uqbar.wollok-lsp-ide-0.5.3\\out\\server\\src\\server.js:2384:1092)\n    at D2 (c:\\Users\\Gabriel\\.vscode\\extensions\\uqbar.wollok-lsp-ide-0.5.3\\out\\server\\src\\server.js:2384:544)\n    at Qh (c:\\Users\\Gabriel\\.vscode\\extensions\\uqbar.wollok-lsp-ide-0.5.3\\out\\server\\src\\server.js:2384:1092)\n    at D2 (c:\\Users\\Gabriel\\.vscode\\extensions\\uqbar.wollok-lsp-ide-0.5.3\\out\\server\\src\\server.js:2384:544)\n    at Qh (c:\\Users\\Gabriel\\.vscode\\extensions\\uqbar.wollok-lsp-ide-0.5.3\\out\\server\\src\\server.js:2384:1092)\n    at D2 (c:\\Users\\Gabriel\\.vscode\\extensions\\uqbar.wollok-lsp-ide-0.5.3\\out\\server\\src\\server.js:2384:544)","timestamp":"2025-10-26T00:16:49.955Z"}
{"level":"info","message":"⌛ Validating src/gimnasia.wlk","timeElapsed":751,"timestamp":"2025-10-26T00:16:50.758Z"}
{"level":"info","message":"⌛ Building environment","timeElapsed":560,"timestamp":"2025-10-26T00:16:51.325Z"}
{"level":"info","message":"⌛ Building environment","timeElapsed":351,"timestamp":"2025-10-26T00:16:51.707Z"}
{"level":"info","message":"⌛ Building environment","timeElapsed":470,"timestamp":"2025-10-26T00:16:52.217Z"}
{"level":"info","message":"⌛ Building environment","timeElapsed":369,"timestamp":"2025-10-26T00:16:52.600Z"}
{"level":"info","message":"⌛ Building environment","timeElapsed":364,"timestamp":"2025-10-26T00:16:52.969Z"}
{"level":"info","message":"⌛ Validating src/gimnasia.wlk","timeElapsed":689,"timestamp":"2025-10-26T00:16:53.755Z"}
{"level":"info","message":"⌛ Validating src/gimnasia.wlk","timeElapsed":860,"timestamp":"2025-10-26T00:16:54.617Z"}
{"level":"info","message":"⌛ Validating src/gimnasia.wlk","timeElapsed":503,"timestamp":"2025-10-26T00:16:55.264Z"}
{"level":"info","message":"⌛ Validating src/gimnasia.wlk","timeElapsed":526,"timestamp":"2025-10-26T00:16:55.791Z"}
{"level":"info","message":"⌛ Validating src/gimnasia.wlk","timeElapsed":501,"timestamp":"2025-10-26T00:16:56.385Z"}
{"level":"info","message":"⌛ Building environment","timeElapsed":671,"timestamp":"2025-10-26T00:16:57.067Z"}
{"level":"error","message":"✘ Completions for node Parameter ([7:21, 7:22] - src/gimnasia.wlk) failed: Error: [Parameter]{20cc99} at src/gimnasia.wlk:7 exhausted all cases without a match [Parameter]{20cc99} at src/gimnasia.wlk:7 exhausted all cases without a match","stack":"Error: [Parameter]{20cc99} at src/gimnasia.wlk:7 exhausted all cases without a match\n    at c:\\Users\\Gabriel\\.vscode\\extensions\\uqbar.wollok-lsp-ide-0.5.3\\out\\server\\src\\server.js:38:6142\n    at D2 (c:\\Users\\Gabriel\\.vscode\\extensions\\uqbar.wollok-lsp-ide-0.5.3\\out\\server\\src\\server.js:2384:42)\n    at c:\\Users\\Gabriel\\.vscode\\extensions\\uqbar.wollok-lsp-ide-0.5.3\\out\\server\\src\\server.js:2384:2988\n    at c:\\Users\\Gabriel\\.vscode\\extensions\\uqbar.wollok-lsp-ide-0.5.3\\out\\server\\src\\server.js:2393:8440\n    at c:\\Users\\Gabriel\\.vscode\\extensions\\uqbar.wollok-lsp-ide-0.5.3\\out\\server\\src\\server.js:37:74872\n    at Ye (c:\\Users\\Gabriel\\.vscode\\extensions\\uqbar.wollok-lsp-ide-0.5.3\\out\\server\\src\\server.js:7:8527)\n    at qt (c:\\Users\\Gabriel\\.vscode\\extensions\\uqbar.wollok-lsp-ide-0.5.3\\out\\server\\src\\server.js:7:6189)\n    at ot (c:\\Users\\Gabriel\\.vscode\\extensions\\uqbar.wollok-lsp-ide-0.5.3\\out\\server\\src\\server.js:7:6378)\n    at Immediate._onImmediate (c:\\Users\\Gabriel\\.vscode\\extensions\\uqbar.wollok-lsp-ide-0.5.3\\out\\server\\src\\server.js:7:6142)\n    at process.processImmediate (node:internal/timers:485:21)","timestamp":"2025-10-26T00:16:57.250Z"}
{"level":"info","message":"⌛ Autocomplete - Parameter","timeElapsed":125,"timestamp":"2025-10-26T00:16:57.266Z"}
{"level":"info","message":"⌛ Building environment","timeElapsed":545,"timestamp":"2025-10-26T00:16:57.814Z"}
{"level":"info","message":"⌛ Building environment","timeElapsed":265,"timestamp":"2025-10-26T00:16:58.082Z"}
{"level":"info","message":"⌛ Building environment","timeElapsed":453,"timestamp":"2025-10-26T00:16:58.538Z"}
{"level":"info","message":"⌛ Building environment","timeElapsed":446,"timestamp":"2025-10-26T00:16:58.985Z"}
{"level":"info","message":"⌛ Building environment","timeElapsed":341,"timestamp":"2025-10-26T00:16:59.329Z"}
{"level":"info","message":"⌛ Validating src/gimnasia.wlk","timeElapsed":570,"timestamp":"2025-10-26T00:16:59.970Z"}
{"level":"info","message":"⌛ Validating src/gimnasia.wlk","timeElapsed":670,"timestamp":"2025-10-26T00:17:00.669Z"}
{"level":"info","message":"⌛ Validating src/gimnasia.wlk","timeElapsed":575,"timestamp":"2025-10-26T00:17:01.250Z"}
{"level":"info","message":"⌛ Validating src/gimnasia.wlk","timeElapsed":580,"timestamp":"2025-10-26T00:17:01.831Z"}
{"level":"info","message":"⌛ Validating src/gimnasia.wlk","timeElapsed":339,"timestamp":"2025-10-26T00:17:02.171Z"}
{"level":"info","message":"⌛ Validating src/gimnasia.wlk","timeElapsed":487,"timestamp":"2025-10-26T00:17:02.660Z"}
{"level":"info","message":"⌛ Building environment","timeElapsed":472,"timestamp":"2025-10-26T00:27:15.177Z"}
{"level":"info","message":"⌛ Autocomplete - Reference","timeElapsed":134,"timestamp":"2025-10-26T00:27:15.344Z"}
{"level":"info","message":"⌛ Building environment","timeElapsed":253,"timestamp":"2025-10-26T00:27:15.599Z"}
{"level":"info","message":"⌛ Building environment","timeElapsed":274,"timestamp":"2025-10-26T00:27:15.875Z"}
{"level":"info","message":"⌛ Building environment","timeElapsed":216,"timestamp":"2025-10-26T00:27:16.096Z"}
{"level":"info","message":"⌛ Validating src/gimnasia.wlk","timeElapsed":439,"timestamp":"2025-10-26T00:27:16.537Z"}
{"level":"info","message":"⌛ Building environment","timeElapsed":325,"timestamp":"2025-10-26T00:27:16.872Z"}
{"level":"info","message":"⌛ Building environment","timeElapsed":238,"timestamp":"2025-10-26T00:27:17.112Z"}
{"level":"error","message":"✘ Completions for node Return ([6:26, 6:32] - src/gimnasia.wlk) failed: Error: [Return]{c44462} at src/gimnasia.wlk:6 exhausted all cases without a match [Return]{c44462} at src/gimnasia.wlk:6 exhausted all cases without a match","stack":"Error: [Return]{c44462} at src/gimnasia.wlk:6 exhausted all cases without a match\n    at c:\\Users\\Gabriel\\.vscode\\extensions\\uqbar.wollok-lsp-ide-0.5.3\\out\\server\\src\\server.js:38:6142\n    at D2 (c:\\Users\\Gabriel\\.vscode\\extensions\\uqbar.wollok-lsp-ide-0.5.3\\out\\server\\src\\server.js:2384:42)\n    at c:\\Users\\Gabriel\\.vscode\\extensions\\uqbar.wollok-lsp-ide-0.5.3\\out\\server\\src\\server.js:2384:2988\n    at c:\\Users\\Gabriel\\.vscode\\extensions\\uqbar.wollok-lsp-ide-0.5.3\\out\\server\\src\\server.js:2393:8440\n    at c:\\Users\\Gabriel\\.vscode\\extensions\\uqbar.wollok-lsp-ide-0.5.3\\out\\server\\src\\server.js:37:74872\n    at Ye (c:\\Users\\Gabriel\\.vscode\\extensions\\uqbar.wollok-lsp-ide-0.5.3\\out\\server\\src\\server.js:7:8527)\n    at qt (c:\\Users\\Gabriel\\.vscode\\extensions\\uqbar.wollok-lsp-ide-0.5.3\\out\\server\\src\\server.js:7:6189)\n    at ot (c:\\Users\\Gabriel\\.vscode\\extensions\\uqbar.wollok-lsp-ide-0.5.3\\out\\server\\src\\server.js:7:6378)\n    at Immediate._onImmediate (c:\\Users\\Gabriel\\.vscode\\extensions\\uqbar.wollok-lsp-ide-0.5.3\\out\\server\\src\\server.js:7:6142)\n    at process.processImmediate (node:internal/timers:485:21)","timestamp":"2025-10-26T00:27:17.210Z"}
{"level":"info","message":"⌛ Building environment","timeElapsed":168,"timestamp":"2025-10-26T00:27:17.401Z"}
{"level":"info","message":"⌛ Validating src/gimnasia.wlk","timeElapsed":363,"timestamp":"2025-10-26T00:27:17.829Z"}
{"level":"info","message":"⌛ Validating src/gimnasia.wlk","timeElapsed":313,"timestamp":"2025-10-26T00:27:18.157Z"}
{"level":"info","message":"⌛ Validating src/gimnasia.wlk","timeElapsed":446,"timestamp":"2025-10-26T00:27:18.607Z"}
{"level":"info","message":"⌛ Building environment","timeElapsed":287,"timestamp":"2025-10-26T00:27:18.899Z"}
{"level":"info","message":"⌛ Validating src/gimnasia.wlk","timeElapsed":402,"timestamp":"2025-10-26T00:27:19.352Z"}
{"level":"info","message":"⌛ Validating src/gimnasia.wlk","timeElapsed":391,"timestamp":"2025-10-26T00:27:19.744Z"}
{"level":"info","message":"⌛ Validating src/gimnasia.wlk","timeElapsed":299,"timestamp":"2025-10-26T00:27:20.050Z"}
{"level":"info","message":"⌛ Building environment","timeElapsed":198,"timestamp":"2025-10-26T00:27:20.251Z"}
{"level":"info","message":"⌛ Building environment","timeElapsed":141,"timestamp":"2025-10-26T00:27:20.461Z"}
{"level":"info","message":"⌛ Building environment","timeElapsed":274,"timestamp":"2025-10-26T00:27:20.823Z"}
{"level":"info","message":"⌛ Building environment","timeElapsed":227,"timestamp":"2025-10-26T00:27:21.051Z"}
{"level":"info","message":"⌛ Building environment","timeElapsed":192,"timestamp":"2025-10-26T00:27:21.256Z"}
{"level":"info","message":"⌛ Building environment","timeElapsed":176,"timestamp":"2025-10-26T00:27:21.433Z"}
{"level":"info","message":"⌛ Building environment","timeElapsed":153,"timestamp":"2025-10-26T00:27:21.620Z"}
{"level":"info","message":"⌛ Validating src/gimnasia.wlk","timeElapsed":305,"timestamp":"2025-10-26T00:27:21.952Z"}
{"level":"info","message":"⌛ Building environment","timeElapsed":140,"timestamp":"2025-10-26T00:27:22.115Z"}
{"level":"info","message":"⌛ Validating src/gimnasia.wlk","timeElapsed":385,"timestamp":"2025-10-26T00:27:22.518Z"}
{"level":"info","message":"⌛ Validating src/gimnasia.wlk","timeElapsed":348,"timestamp":"2025-10-26T00:27:22.882Z"}
{"level":"info","message":"⌛ Validating src/gimnasia.wlk","timeElapsed":366,"timestamp":"2025-10-26T00:27:23.253Z"}
{"level":"info","message":"⌛ Validating src/gimnasia.wlk","timeElapsed":308,"timestamp":"2025-10-26T00:27:23.562Z"}
{"level":"info","message":"⌛ Validating src/gimnasia.wlk","timeElapsed":334,"timestamp":"2025-10-26T00:27:23.897Z"}
{"level":"info","message":"⌛ Validating src/gimnasia.wlk","timeElapsed":468,"timestamp":"2025-10-26T00:27:24.371Z"}
{"level":"info","message":"⌛ Validating src/gimnasia.wlk","timeElapsed":540,"timestamp":"2025-10-26T00:27:24.912Z"}
{"level":"info","message":"⌛ Validating src/gimnasia.wlk","timeElapsed":396,"timestamp":"2025-10-26T00:27:25.327Z"}
{"level":"info","message":"⌛ Building environment","timeElapsed":165,"timestamp":"2025-10-26T00:27:25.982Z"}
{"level":"info","message":"⌛ Building environment","timeElapsed":198,"timestamp":"2025-10-26T00:27:26.253Z"}
{"level":"info","message":"⌛ Validating src/gimnasia.wlk","timeElapsed":286,"timestamp":"2025-10-26T00:27:26.566Z"}
{"level":"info","message":"⌛ Building environment","timeElapsed":155,"timestamp":"2025-10-26T00:27:26.722Z"}
{"level":"info","message":"⌛ Building environment","timeElapsed":371,"timestamp":"2025-10-26T00:27:27.094Z"}
{"level":"info","message":"⌛ Validating src/gimnasia.wlk","timeElapsed":300,"timestamp":"2025-10-26T00:27:27.396Z"}
{"level":"info","message":"⌛ Building environment","timeElapsed":165,"timestamp":"2025-10-26T00:27:27.574Z"}
{"level":"info","message":"⌛ Building environment","timeElapsed":186,"timestamp":"2025-10-26T00:27:27.771Z"}
{"level":"info","message":"⌛ Validating src/gimnasia.wlk","timeElapsed":297,"timestamp":"2025-10-26T00:27:28.104Z"}
{"level":"info","message":"⌛ Validating src/gimnasia.wlk","timeElapsed":283,"timestamp":"2025-10-26T00:27:28.404Z"}
{"level":"info","message":"⌛ Building environment","timeElapsed":147,"timestamp":"2025-10-26T00:27:28.553Z"}
{"level":"info","message":"⌛ Building environment","timeElapsed":133,"timestamp":"2025-10-26T00:27:28.705Z"}
{"level":"info","message":"⌛ Validating src/gimnasia.wlk","timeElapsed":268,"timestamp":"2025-10-26T00:27:28.974Z"}
{"level":"info","message":"⌛ Building environment","timeElapsed":188,"timestamp":"2025-10-26T00:27:29.286Z"}
{"level":"info","message":"⌛ Validating src/gimnasia.wlk","timeElapsed":295,"timestamp":"2025-10-26T00:27:29.582Z"}
{"level":"info","message":"⌛ Validating src/gimnasia.wlk","timeElapsed":276,"timestamp":"2025-10-26T00:27:29.884Z"}
{"level":"info","message":"⌛ Validating src/gimnasia.wlk","timeElapsed":292,"timestamp":"2025-10-26T00:27:30.182Z"}
{"level":"info","message":"⌛ Validating src/gimnasia.wlk","timeElapsed":482,"timestamp":"2025-10-26T00:27:30.684Z"}
{"level":"info","message":"🧪 Test runner executed on c:\\Users\\Gabriel\\Desktop\\ProyectosWollok\\2025-10-24\\2025c2s2-herencia-rutinas-gabrielkakazu","result":{"errored":0,"failed":0,"ok":1},"testsFailed":[],"timeElapsed":1543,"timestamp":"2025-10-26T00:30:32.451Z"}
{"level":"info","message":"⌛ Building environment","timeElapsed":274,"timestamp":"2025-10-26T00:30:48.629Z"}
{"level":"info","message":"⌛ Validating src/gimnasia.wlk","timeElapsed":374,"timestamp":"2025-10-26T00:30:49.113Z"}
{"level":"info","message":"⌛ Building environment","timeElapsed":226,"timestamp":"2025-10-26T00:30:49.344Z"}
{"level":"info","message":"⌛ Validating src/gimnasia.wlk","timeElapsed":302,"timestamp":"2025-10-26T00:30:49.660Z"}
{"level":"info","message":"⌛ Building environment","timeElapsed":285,"timestamp":"2025-10-26T00:30:52.251Z"}
{"level":"info","message":"⌛ Building environment","timeElapsed":209,"timestamp":"2025-10-26T00:30:52.462Z"}
{"level":"info","message":"⌛ Validating src/gimnasia.wlk","timeElapsed":349,"timestamp":"2025-10-26T00:30:52.828Z"}
{"level":"info","message":"⌛ Validating src/gimnasia.wlk","timeElapsed":266,"timestamp":"2025-10-26T00:30:53.107Z"}
{"level":"info","message":"⌛ Building environment","timeElapsed":201,"timestamp":"2025-10-26T00:31:01.687Z"}
{"level":"info","message":"⌛ Validating src/gimnasia.wlk","timeElapsed":446,"timestamp":"2025-10-26T00:31:02.135Z"}
{"level":"error","message":"✘ Failed to rebuild document Failed to parse src/gimnasia.wlk: \n-- PARSING FAILED --------------------------------------------------\n\n  24 | }\n  25 | \n> 26 | class Remo i {\n     |            ^\n  27 |     method intensidad() = 1.3\n  28 |     \n\nExpected one of the following: \n\n'inherits', '{', whitespace\n","stack":"Error: Failed to parse src/gimnasia.wlk: \n-- PARSING FAILED --------------------------------------------------\n\n  24 | }\n  25 | \n> 26 | class Remo i {\n     |            ^\n  27 |     method intensidad() = 1.3\n  28 |     \n\nExpected one of the following: \n\n'inherits', '{', whitespace\n\n    at c:\\Users\\Gabriel\\.vscode\\extensions\\uqbar.wollok-lsp-ide-0.5.3\\out\\server\\src\\server.js:2348:13026\n    at Array.map (<anonymous>)\n    at W1n (c:\\Users\\Gabriel\\.vscode\\extensions\\uqbar.wollok-lsp-ide-0.5.3\\out\\server\\src\\server.js:2348:12950)\n    at U2.buildEnvironmentFrom (c:\\Users\\Gabriel\\.vscode\\extensions\\uqbar.wollok-lsp-ide-0.5.3\\out\\server\\src\\server.js:2393:5254)\n    at U2.updateEnvironmentWith (c:\\Users\\Gabriel\\.vscode\\extensions\\uqbar.wollok-lsp-ide-0.5.3\\out\\server\\src\\server.js:2393:4989)\n    at JF (c:\\Users\\Gabriel\\.vscode\\extensions\\uqbar.wollok-lsp-ide-0.5.3\\out\\server\\src\\server.js:2393:7383)\n    at F3.invoke (c:\\Users\\Gabriel\\.vscode\\extensions\\uqbar.wollok-lsp-ide-0.5.3\\out\\server\\src\\server.js:3:157334)\n    at o.fire (c:\\Users\\Gabriel\\.vscode\\extensions\\uqbar.wollok-lsp-ide-0.5.3\\out\\server\\src\\server.js:3:158104)\n    at c:\\Users\\Gabriel\\.vscode\\extensions\\uqbar.wollok-lsp-ide-0.5.3\\out\\server\\src\\server.js:37:57871\n    at Zr (c:\\Users\\Gabriel\\.vscode\\extensions\\uqbar.wollok-lsp-ide-0.5.3\\out\\server\\src\\server.js:8:1561)","timestamp":"2025-10-26T00:31:02.159Z"}
{"level":"error","message":"✘ Failed to rebuild document Failed to parse src/gimnasia.wlk: \n-- PARSING FAILED --------------------------------------------------\n\n  24 | }\n  25 | \n> 26 | class Remo in {\n     |            ^\n  27 |     method intensidad() = 1.3\n  28 |     \n\nExpected one of the following: \n\n'inherits', '{', whitespace\n","stack":"Error: Failed to parse src/gimnasia.wlk: \n-- PARSING FAILED --------------------------------------------------\n\n  24 | }\n  25 | \n> 26 | class Remo in {\n     |            ^\n  27 |     method intensidad() = 1.3\n  28 |     \n\nExpected one of the following: \n\n'inherits', '{', whitespace\n\n    at c:\\Users\\Gabriel\\.vscode\\extensions\\uqbar.wollok-lsp-ide-0.5.3\\out\\server\\src\\server.js:2348:13026\n    at Array.map (<anonymous>)\n    at W1n (c:\\Users\\Gabriel\\.vscode\\extensions\\uqbar.wollok-lsp-ide-0.5.3\\out\\server\\src\\server.js:2348:12950)\n    at U2.buildEnvironmentFrom (c:\\Users\\Gabriel\\.vscode\\extensions\\uqbar.wollok-lsp-ide-0.5.3\\out\\server\\src\\server.js:2393:5254)\n    at U2.updateEnvironmentWith (c:\\Users\\Gabriel\\.vscode\\extensions\\uqbar.wollok-lsp-ide-0.5.3\\out\\server\\src\\server.js:2393:4989)\n    at JF (c:\\Users\\Gabriel\\.vscode\\extensions\\uqbar.wollok-lsp-ide-0.5.3\\out\\server\\src\\server.js:2393:7383)\n    at F3.invoke (c:\\Users\\Gabriel\\.vscode\\extensions\\uqbar.wollok-lsp-ide-0.5.3\\out\\server\\src\\server.js:3:157334)\n    at o.fire (c:\\Users\\Gabriel\\.vscode\\extensions\\uqbar.wollok-lsp-ide-0.5.3\\out\\server\\src\\server.js:3:158104)\n    at c:\\Users\\Gabriel\\.vscode\\extensions\\uqbar.wollok-lsp-ide-0.5.3\\out\\server\\src\\server.js:37:57871\n    at Zr (c:\\Users\\Gabriel\\.vscode\\extensions\\uqbar.wollok-lsp-ide-0.5.3\\out\\server\\src\\server.js:8:1561)","timestamp":"2025-10-26T00:31:02.239Z"}
{"level":"error","message":"✘ Failed to rebuild document Failed to parse src/gimnasia.wlk: \n-- PARSING FAILED --------------------------------------------------\n\n  24 | }\n  25 | \n> 26 | class Remo inh {\n     |            ^\n  27 |     method intensidad() = 1.3\n  28 |     \n\nExpected one of the following: \n\n'inherits', '{', whitespace\n","stack":"Error: Failed to parse src/gimnasia.wlk: \n-- PARSING FAILED --------------------------------------------------\n\n  24 | }\n  25 | \n> 26 | class Remo inh {\n     |            ^\n  27 |     method intensidad() = 1.3\n  28 |     \n\nExpected one of the following: \n\n'inherits', '{', whitespace\n\n    at c:\\Users\\Gabriel\\.vscode\\extensions\\uqbar.wollok-lsp-ide-0.5.3\\out\\server\\src\\server.js:2348:13026\n    at Array.map (<anonymous>)\n    at W1n (c:\\Users\\Gabriel\\.vscode\\extensions\\uqbar.wollok-lsp-ide-0.5.3\\out\\server\\src\\server.js:2348:12950)\n    at U2.buildEnvironmentFrom (c:\\Users\\Gabriel\\.vscode\\extensions\\uqbar.wollok-lsp-ide-0.5.3\\out\\server\\src\\server.js:2393:5254)\n    at U2.updateEnvironmentWith (c:\\Users\\Gabriel\\.vscode\\extensions\\uqbar.wollok-lsp-ide-0.5.3\\out\\server\\src\\server.js:2393:4989)\n    at JF (c:\\Users\\Gabriel\\.vscode\\extensions\\uqbar.wollok-lsp-ide-0.5.3\\out\\server\\src\\server.js:2393:7383)\n    at F3.invoke (c:\\Users\\Gabriel\\.vscode\\extensions\\uqbar.wollok-lsp-ide-0.5.3\\out\\server\\src\\server.js:3:157334)\n    at o.fire (c:\\Users\\Gabriel\\.vscode\\extensions\\uqbar.wollok-lsp-ide-0.5.3\\out\\server\\src\\server.js:3:158104)\n    at c:\\Users\\Gabriel\\.vscode\\extensions\\uqbar.wollok-lsp-ide-0.5.3\\out\\server\\src\\server.js:37:57871\n    at Zr (c:\\Users\\Gabriel\\.vscode\\extensions\\uqbar.wollok-lsp-ide-0.5.3\\out\\server\\src\\server.js:8:1561)","timestamp":"2025-10-26T00:31:02.718Z"}
{"level":"error","message":"✘ Failed to rebuild document Failed to parse src/gimnasia.wlk: \n-- PARSING FAILED --------------------------------------------------\n\n  24 | }\n  25 | \n> 26 | class Remo inhe {\n     |            ^\n  27 |     method intensidad() = 1.3\n  28 |     \n\nExpected one of the following: \n\n'inherits', '{', whitespace\n","stack":"Error: Failed to parse src/gimnasia.wlk: \n-- PARSING FAILED --------------------------------------------------\n\n  24 | }\n  25 | \n> 26 | class Remo inhe {\n     |            ^\n  27 |     method intensidad() = 1.3\n  28 |     \n\nExpected one of the following: \n\n'inherits', '{', whitespace\n\n    at c:\\Users\\Gabriel\\.vscode\\extensions\\uqbar.wollok-lsp-ide-0.5.3\\out\\server\\src\\server.js:2348:13026\n    at Array.map (<anonymous>)\n    at W1n (c:\\Users\\Gabriel\\.vscode\\extensions\\uqbar.wollok-lsp-ide-0.5.3\\out\\server\\src\\server.js:2348:12950)\n    at U2.buildEnvironmentFrom (c:\\Users\\Gabriel\\.vscode\\extensions\\uqbar.wollok-lsp-ide-0.5.3\\out\\server\\src\\server.js:2393:5254)\n    at U2.updateEnvironmentWith (c:\\Users\\Gabriel\\.vscode\\extensions\\uqbar.wollok-lsp-ide-0.5.3\\out\\server\\src\\server.js:2393:4989)\n    at JF (c:\\Users\\Gabriel\\.vscode\\extensions\\uqbar.wollok-lsp-ide-0.5.3\\out\\server\\src\\server.js:2393:7383)\n    at F3.invoke (c:\\Users\\Gabriel\\.vscode\\extensions\\uqbar.wollok-lsp-ide-0.5.3\\out\\server\\src\\server.js:3:157334)\n    at o.fire (c:\\Users\\Gabriel\\.vscode\\extensions\\uqbar.wollok-lsp-ide-0.5.3\\out\\server\\src\\server.js:3:158104)\n    at c:\\Users\\Gabriel\\.vscode\\extensions\\uqbar.wollok-lsp-ide-0.5.3\\out\\server\\src\\server.js:37:57871\n    at Zr (c:\\Users\\Gabriel\\.vscode\\extensions\\uqbar.wollok-lsp-ide-0.5.3\\out\\server\\src\\server.js:8:1561)","timestamp":"2025-10-26T00:31:02.831Z"}
{"level":"error","message":"✘ Failed to rebuild document Failed to parse src/gimnasia.wlk: \n-- PARSING FAILED --------------------------------------------------\n\n  24 | }\n  25 | \n> 26 | class Remo inher {\n     |            ^\n  27 |     method intensidad() = 1.3\n  28 |     \n\nExpected one of the following: \n\n'inherits', '{', whitespace\n","stack":"Error: Failed to parse src/gimnasia.wlk: \n-- PARSING FAILED --------------------------------------------------\n\n  24 | }\n  25 | \n> 26 | class Remo inher {\n     |            ^\n  27 |     method intensidad() = 1.3\n  28 |     \n\nExpected one of the following: \n\n'inherits', '{', whitespace\n\n    at c:\\Users\\Gabriel\\.vscode\\extensions\\uqbar.wollok-lsp-ide-0.5.3\\out\\server\\src\\server.js:2348:13026\n    at Array.map (<anonymous>)\n    at W1n (c:\\Users\\Gabriel\\.vscode\\extensions\\uqbar.wollok-lsp-ide-0.5.3\\out\\server\\src\\server.js:2348:12950)\n    at U2.buildEnvironmentFrom (c:\\Users\\Gabriel\\.vscode\\extensions\\uqbar.wollok-lsp-ide-0.5.3\\out\\server\\src\\server.js:2393:5254)\n    at U2.updateEnvironmentWith (c:\\Users\\Gabriel\\.vscode\\extensions\\uqbar.wollok-lsp-ide-0.5.3\\out\\server\\src\\server.js:2393:4989)\n    at JF (c:\\Users\\Gabriel\\.vscode\\extensions\\uqbar.wollok-lsp-ide-0.5.3\\out\\server\\src\\server.js:2393:7383)\n    at F3.invoke (c:\\Users\\Gabriel\\.vscode\\extensions\\uqbar.wollok-lsp-ide-0.5.3\\out\\server\\src\\server.js:3:157334)\n    at o.fire (c:\\Users\\Gabriel\\.vscode\\extensions\\uqbar.wollok-lsp-ide-0.5.3\\out\\server\\src\\server.js:3:158104)\n    at c:\\Users\\Gabriel\\.vscode\\extensions\\uqbar.wollok-lsp-ide-0.5.3\\out\\server\\src\\server.js:37:57871\n    at Zr (c:\\Users\\Gabriel\\.vscode\\extensions\\uqbar.wollok-lsp-ide-0.5.3\\out\\server\\src\\server.js:8:1561)","timestamp":"2025-10-26T00:31:02.982Z"}
{"level":"error","message":"✘ Failed to rebuild document Failed to parse src/gimnasia.wlk: \n-- PARSING FAILED --------------------------------------------------\n\n  24 | }\n  25 | \n> 26 | class Remo inheri {\n     |            ^\n  27 |     method intensidad() = 1.3\n  28 |     \n\nExpected one of the following: \n\n'inherits', '{', whitespace\n","stack":"Error: Failed to parse src/gimnasia.wlk: \n-- PARSING FAILED --------------------------------------------------\n\n  24 | }\n  25 | \n> 26 | class Remo inheri {\n     |            ^\n  27 |     method intensidad() = 1.3\n  28 |     \n\nExpected one of the following: \n\n'inherits', '{', whitespace\n\n    at c:\\Users\\Gabriel\\.vscode\\extensions\\uqbar.wollok-lsp-ide-0.5.3\\out\\server\\src\\server.js:2348:13026\n    at Array.map (<anonymous>)\n    at W1n (c:\\Users\\Gabriel\\.vscode\\extensions\\uqbar.wollok-lsp-ide-0.5.3\\out\\server\\src\\server.js:2348:12950)\n    at U2.buildEnvironmentFrom (c:\\Users\\Gabriel\\.vscode\\extensions\\uqbar.wollok-lsp-ide-0.5.3\\out\\server\\src\\server.js:2393:5254)\n    at U2.updateEnvironmentWith (c:\\Users\\Gabriel\\.vscode\\extensions\\uqbar.wollok-lsp-ide-0.5.3\\out\\server\\src\\server.js:2393:4989)\n    at JF (c:\\Users\\Gabriel\\.vscode\\extensions\\uqbar.wollok-lsp-ide-0.5.3\\out\\server\\src\\server.js:2393:7383)\n    at F3.invoke (c:\\Users\\Gabriel\\.vscode\\extensions\\uqbar.wollok-lsp-ide-0.5.3\\out\\server\\src\\server.js:3:157334)\n    at o.fire (c:\\Users\\Gabriel\\.vscode\\extensions\\uqbar.wollok-lsp-ide-0.5.3\\out\\server\\src\\server.js:3:158104)\n    at c:\\Users\\Gabriel\\.vscode\\extensions\\uqbar.wollok-lsp-ide-0.5.3\\out\\server\\src\\server.js:37:57871\n    at Zr (c:\\Users\\Gabriel\\.vscode\\extensions\\uqbar.wollok-lsp-ide-0.5.3\\out\\server\\src\\server.js:8:1561)","timestamp":"2025-10-26T00:31:03.157Z"}
{"level":"error","message":"✘ Failed to rebuild document Failed to parse src/gimnasia.wlk: \n-- PARSING FAILED --------------------------------------------------\n\n  24 | }\n  25 | \n> 26 | class Remo inherit {\n     |            ^\n  27 |     method intensidad() = 1.3\n  28 |     \n\nExpected one of the following: \n\n'inherits', '{', whitespace\n","stack":"Error: Failed to parse src/gimnasia.wlk: \n-- PARSING FAILED --------------------------------------------------\n\n  24 | }\n  25 | \n> 26 | class Remo inherit {\n     |            ^\n  27 |     method intensidad() = 1.3\n  28 |     \n\nExpected one of the following: \n\n'inherits', '{', whitespace\n\n    at c:\\Users\\Gabriel\\.vscode\\extensions\\uqbar.wollok-lsp-ide-0.5.3\\out\\server\\src\\server.js:2348:13026\n    at Array.map (<anonymous>)\n    at W1n (c:\\Users\\Gabriel\\.vscode\\extensions\\uqbar.wollok-lsp-ide-0.5.3\\out\\server\\src\\server.js:2348:12950)\n    at U2.buildEnvironmentFrom (c:\\Users\\Gabriel\\.vscode\\extensions\\uqbar.wollok-lsp-ide-0.5.3\\out\\server\\src\\server.js:2393:5254)\n    at U2.updateEnvironmentWith (c:\\Users\\Gabriel\\.vscode\\extensions\\uqbar.wollok-lsp-ide-0.5.3\\out\\server\\src\\server.js:2393:4989)\n    at JF (c:\\Users\\Gabriel\\.vscode\\extensions\\uqbar.wollok-lsp-ide-0.5.3\\out\\server\\src\\server.js:2393:7383)\n    at F3.invoke (c:\\Users\\Gabriel\\.vscode\\extensions\\uqbar.wollok-lsp-ide-0.5.3\\out\\server\\src\\server.js:3:157334)\n    at o.fire (c:\\Users\\Gabriel\\.vscode\\extensions\\uqbar.wollok-lsp-ide-0.5.3\\out\\server\\src\\server.js:3:158104)\n    at c:\\Users\\Gabriel\\.vscode\\extensions\\uqbar.wollok-lsp-ide-0.5.3\\out\\server\\src\\server.js:37:57871\n    at Zr (c:\\Users\\Gabriel\\.vscode\\extensions\\uqbar.wollok-lsp-ide-0.5.3\\out\\server\\src\\server.js:8:1561)","timestamp":"2025-10-26T00:31:03.280Z"}
{"level":"error","message":"✘ Failed to rebuild document Failed to parse src/gimnasia.wlk: \n-- PARSING FAILED --------------------------------------------------\n\n  24 | }\n  25 | \n> 26 | class Remo inherits {\n     |                     ^\n  27 |     method intensidad() = 1.3\n  28 |     \n\nExpected one of the following: \n\n'@', comment, identifier, package identifier, whitespace\n","stack":"Error: Failed to parse src/gimnasia.wlk: \n-- PARSING FAILED --------------------------------------------------\n\n  24 | }\n  25 | \n> 26 | class Remo inherits {\n     |                     ^\n  27 |     method intensidad() = 1.3\n  28 |     \n\nExpected one of the following: \n\n'@', comment, identifier, package identifier, whitespace\n\n    at c:\\Users\\Gabriel\\.vscode\\extensions\\uqbar.wollok-lsp-ide-0.5.3\\out\\server\\src\\server.js:2348:13026\n    at Array.map (<anonymous>)\n    at W1n (c:\\Users\\Gabriel\\.vscode\\extensions\\uqbar.wollok-lsp-ide-0.5.3\\out\\server\\src\\server.js:2348:12950)\n    at U2.buildEnvironmentFrom (c:\\Users\\Gabriel\\.vscode\\extensions\\uqbar.wollok-lsp-ide-0.5.3\\out\\server\\src\\server.js:2393:5254)\n    at U2.updateEnvironmentWith (c:\\Users\\Gabriel\\.vscode\\extensions\\uqbar.wollok-lsp-ide-0.5.3\\out\\server\\src\\server.js:2393:4989)\n    at JF (c:\\Users\\Gabriel\\.vscode\\extensions\\uqbar.wollok-lsp-ide-0.5.3\\out\\server\\src\\server.js:2393:7383)\n    at F3.invoke (c:\\Users\\Gabriel\\.vscode\\extensions\\uqbar.wollok-lsp-ide-0.5.3\\out\\server\\src\\server.js:3:157334)\n    at o.fire (c:\\Users\\Gabriel\\.vscode\\extensions\\uqbar.wollok-lsp-ide-0.5.3\\out\\server\\src\\server.js:3:158104)\n    at c:\\Users\\Gabriel\\.vscode\\extensions\\uqbar.wollok-lsp-ide-0.5.3\\out\\server\\src\\server.js:37:57871\n    at Zr (c:\\Users\\Gabriel\\.vscode\\extensions\\uqbar.wollok-lsp-ide-0.5.3\\out\\server\\src\\server.js:8:1561)","timestamp":"2025-10-26T00:31:03.434Z"}
{"level":"error","message":"✘ Failed to rebuild document Failed to parse src/gimnasia.wlk: \n-- PARSING FAILED --------------------------------------------------\n\n  24 | }\n  25 | \n> 26 | class Remo inherits  {\n     |                      ^\n  27 |     method intensidad() = 1.3\n  28 |     \n\nExpected one of the following: \n\n'@', comment, identifier, package identifier, whitespace\n","stack":"Error: Failed to parse src/gimnasia.wlk: \n-- PARSING FAILED --------------------------------------------------\n\n  24 | }\n  25 | \n> 26 | class Remo inherits  {\n     |                      ^\n  27 |     method intensidad() = 1.3\n  28 |     \n\nExpected one of the following: \n\n'@', comment, identifier, package identifier, whitespace\n\n    at c:\\Users\\Gabriel\\.vscode\\extensions\\uqbar.wollok-lsp-ide-0.5.3\\out\\server\\src\\server.js:2348:13026\n    at Array.map (<anonymous>)\n    at W1n (c:\\Users\\Gabriel\\.vscode\\extensions\\uqbar.wollok-lsp-ide-0.5.3\\out\\server\\src\\server.js:2348:12950)\n    at U2.buildEnvironmentFrom (c:\\Users\\Gabriel\\.vscode\\extensions\\uqbar.wollok-lsp-ide-0.5.3\\out\\server\\src\\server.js:2393:5254)\n    at U2.updateEnvironmentWith (c:\\Users\\Gabriel\\.vscode\\extensions\\uqbar.wollok-lsp-ide-0.5.3\\out\\server\\src\\server.js:2393:4989)\n    at JF (c:\\Users\\Gabriel\\.vscode\\extensions\\uqbar.wollok-lsp-ide-0.5.3\\out\\server\\src\\server.js:2393:7383)\n    at F3.invoke (c:\\Users\\Gabriel\\.vscode\\extensions\\uqbar.wollok-lsp-ide-0.5.3\\out\\server\\src\\server.js:3:157334)\n    at o.fire (c:\\Users\\Gabriel\\.vscode\\extensions\\uqbar.wollok-lsp-ide-0.5.3\\out\\server\\src\\server.js:3:158104)\n    at c:\\Users\\Gabriel\\.vscode\\extensions\\uqbar.wollok-lsp-ide-0.5.3\\out\\server\\src\\server.js:37:57871\n    at Zr (c:\\Users\\Gabriel\\.vscode\\extensions\\uqbar.wollok-lsp-ide-0.5.3\\out\\server\\src\\server.js:8:1561)","timestamp":"2025-10-26T00:31:04.211Z"}
{"level":"info","message":"⌛ Building environment","timeElapsed":197,"timestamp":"2025-10-26T00:31:05.126Z"}
{"level":"error","message":"✘ Completions for node ParameterizedType ([26:21, 26:22] - src/gimnasia.wlk) failed: Error: [ParameterizedType]{b765b9} at src/gimnasia.wlk:26 exhausted all cases without a match [ParameterizedType]{b765b9} at src/gimnasia.wlk:26 exhausted all cases without a match","stack":"Error: [ParameterizedType]{b765b9} at src/gimnasia.wlk:26 exhausted all cases without a match\n    at c:\\Users\\Gabriel\\.vscode\\extensions\\uqbar.wollok-lsp-ide-0.5.3\\out\\server\\src\\server.js:38:6142\n    at D2 (c:\\Users\\Gabriel\\.vscode\\extensions\\uqbar.wollok-lsp-ide-0.5.3\\out\\server\\src\\server.js:2384:42)\n    at Qh (c:\\Users\\Gabriel\\.vscode\\extensions\\uqbar.wollok-lsp-ide-0.5.3\\out\\server\\src\\server.js:2384:1092)\n    at k6n (c:\\Users\\Gabriel\\.vscode\\extensions\\uqbar.wollok-lsp-ide-0.5.3\\out\\server\\src\\server.js:2384:1248)\n    at c:\\Users\\Gabriel\\.vscode\\extensions\\uqbar.wollok-lsp-ide-0.5.3\\out\\server\\src\\server.js:38:6131\n    at D2 (c:\\Users\\Gabriel\\.vscode\\extensions\\uqbar.wollok-lsp-ide-0.5.3\\out\\server\\src\\server.js:2384:42)\n    at c:\\Users\\Gabriel\\.vscode\\extensions\\uqbar.wollok-lsp-ide-0.5.3\\out\\server\\src\\server.js:2384:2988\n    at c:\\Users\\Gabriel\\.vscode\\extensions\\uqbar.wollok-lsp-ide-0.5.3\\out\\server\\src\\server.js:2393:8440\n    at c:\\Users\\Gabriel\\.vscode\\extensions\\uqbar.wollok-lsp-ide-0.5.3\\out\\server\\src\\server.js:37:74872\n    at Ye (c:\\Users\\Gabriel\\.vscode\\extensions\\uqbar.wollok-lsp-ide-0.5.3\\out\\server\\src\\server.js:7:8527)","timestamp":"2025-10-26T00:31:05.213Z"}
{"level":"info","message":"⌛ Validating src/gimnasia.wlk","timeElapsed":324,"timestamp":"2025-10-26T00:31:05.562Z"}
{"level":"info","message":"⌛ Building environment","timeElapsed":253,"timestamp":"2025-10-26T00:31:05.825Z"}
{"level":"info","message":"⌛ Building environment","timeElapsed":170,"timestamp":"2025-10-26T00:31:06.025Z"}
{"level":"info","message":"⌛ Building environment","timeElapsed":164,"timestamp":"2025-10-26T00:31:06.220Z"}
{"level":"info","message":"⌛ Building environment","timeElapsed":199,"timestamp":"2025-10-26T00:31:06.422Z"}
{"level":"info","message":"⌛ Building environment","timeElapsed":178,"timestamp":"2025-10-26T00:31:06.602Z"}
{"level":"info","message":"⌛ Validating src/gimnasia.wlk","timeElapsed":285,"timestamp":"2025-10-26T00:31:06.889Z"}
{"level":"info","message":"⌛ Validating src/gimnasia.wlk","timeElapsed":378,"timestamp":"2025-10-26T00:31:07.267Z"}
{"level":"info","message":"⌛ Validating src/gimnasia.wlk","timeElapsed":292,"timestamp":"2025-10-26T00:31:07.629Z"}
{"level":"info","message":"⌛ Validating src/gimnasia.wlk","timeElapsed":283,"timestamp":"2025-10-26T00:31:07.913Z"}
{"level":"info","message":"⌛ Validating src/gimnasia.wlk","timeElapsed":605,"timestamp":"2025-10-26T00:31:08.528Z"}
{"level":"info","message":"⌛ Building environment","timeElapsed":272,"timestamp":"2025-10-26T00:31:13.747Z"}
{"level":"info","message":"⌛ Building environment","timeElapsed":313,"timestamp":"2025-10-26T00:31:14.130Z"}
{"level":"info","message":"⌛ Validating src/gimnasia.wlk","timeElapsed":340,"timestamp":"2025-10-26T00:31:14.472Z"}
{"level":"info","message":"⌛ Building environment","timeElapsed":218,"timestamp":"2025-10-26T00:31:14.708Z"}
{"level":"info","message":"⌛ Building environment","timeElapsed":246,"timestamp":"2025-10-26T00:31:14.956Z"}
{"level":"info","message":"⌛ Validating src/gimnasia.wlk","timeElapsed":303,"timestamp":"2025-10-26T00:31:15.292Z"}
{"level":"info","message":"⌛ Building environment","timeElapsed":203,"timestamp":"2025-10-26T00:31:15.517Z"}
{"level":"info","message":"⌛ Building environment","timeElapsed":184,"timestamp":"2025-10-26T00:31:15.719Z"}
{"level":"info","message":"⌛ Validating src/gimnasia.wlk","timeElapsed":269,"timestamp":"2025-10-26T00:31:16.013Z"}
{"level":"info","message":"⌛ Building environment","timeElapsed":146,"timestamp":"2025-10-26T00:31:16.159Z"}
{"level":"info","message":"⌛ Validating src/gimnasia.wlk","timeElapsed":266,"timestamp":"2025-10-26T00:31:16.443Z"}
{"level":"info","message":"⌛ Building environment","timeElapsed":176,"timestamp":"2025-10-26T00:31:16.621Z"}
{"level":"info","message":"⌛ Building environment","timeElapsed":163,"timestamp":"2025-10-26T00:31:16.810Z"}
{"level":"info","message":"⌛ Building environment","timeElapsed":255,"timestamp":"2025-10-26T00:31:17.092Z"}
{"level":"info","message":"⌛ Building environment","timeElapsed":173,"timestamp":"2025-10-26T00:31:17.266Z"}
{"level":"info","message":"⌛ Validating src/gimnasia.wlk","timeElapsed":320,"timestamp":"2025-10-26T00:31:17.588Z"}
{"level":"info","message":"⌛ Validating src/gimnasia.wlk","timeElapsed":405,"timestamp":"2025-10-26T00:31:18.023Z"}
{"level":"info","message":"⌛ Validating src/gimnasia.wlk","timeElapsed":401,"timestamp":"2025-10-26T00:31:18.427Z"}
{"level":"info","message":"⌛ Validating src/gimnasia.wlk","timeElapsed":420,"timestamp":"2025-10-26T00:31:18.857Z"}
{"level":"info","message":"⌛ Validating src/gimnasia.wlk","timeElapsed":301,"timestamp":"2025-10-26T00:31:19.166Z"}
{"level":"info","message":"⌛ Validating src/gimnasia.wlk","timeElapsed":281,"timestamp":"2025-10-26T00:31:19.448Z"}
{"level":"info","message":"⌛ Validating src/gimnasia.wlk","timeElapsed":501,"timestamp":"2025-10-26T00:31:19.949Z"}
{"level":"info","message":"⌛ Building environment","timeElapsed":213,"timestamp":"2025-10-26T00:31:20.192Z"}
{"level":"info","message":"⌛ Building environment","timeElapsed":254,"timestamp":"2025-10-26T00:31:20.517Z"}
{"level":"info","message":"⌛ Building environment","timeElapsed":225,"timestamp":"2025-10-26T00:31:20.744Z"}
{"level":"info","message":"⌛ Building environment","timeElapsed":192,"timestamp":"2025-10-26T00:31:20.936Z"}
{"level":"info","message":"⌛ Validating src/gimnasia.wlk","timeElapsed":291,"timestamp":"2025-10-26T00:31:21.260Z"}
{"level":"info","message":"⌛ Building environment","timeElapsed":158,"timestamp":"2025-10-26T00:31:21.418Z"}
{"level":"info","message":"⌛ Building environment","timeElapsed":140,"timestamp":"2025-10-26T00:31:21.577Z"}
{"level":"info","message":"⌛ Building environment","timeElapsed":161,"timestamp":"2025-10-26T00:31:21.739Z"}
{"level":"info","message":"⌛ Validating src/gimnasia.wlk","timeElapsed":307,"timestamp":"2025-10-26T00:31:22.047Z"}
{"level":"info","message":"⌛ Building environment","timeElapsed":351,"timestamp":"2025-10-26T00:31:22.406Z"}
{"level":"info","message":"⌛ Validating src/gimnasia.wlk","timeElapsed":335,"timestamp":"2025-10-26T00:31:22.743Z"}
{"level":"info","message":"⌛ Building environment","timeElapsed":183,"timestamp":"2025-10-26T00:31:22.926Z"}
{"level":"info","message":"⌛ Validating src/gimnasia.wlk","timeElapsed":272,"timestamp":"2025-10-26T00:31:23.200Z"}
{"level":"info","message":"⌛ Validating src/gimnasia.wlk","timeElapsed":237,"timestamp":"2025-10-26T00:31:23.452Z"}
{"level":"info","message":"⌛ Validating src/gimnasia.wlk","timeElapsed":262,"timestamp":"2025-10-26T00:31:23.726Z"}
{"level":"info","message":"⌛ Validating src/gimnasia.wlk","timeElapsed":435,"timestamp":"2025-10-26T00:31:24.164Z"}
{"level":"info","message":"⌛ Validating src/gimnasia.wlk","timeElapsed":425,"timestamp":"2025-10-26T00:31:24.606Z"}
{"level":"info","message":"⌛ Validating src/gimnasia.wlk","timeElapsed":321,"timestamp":"2025-10-26T00:31:24.928Z"}
{"level":"info","message":"🧪 Test runner executed on c:\\Users\\Gabriel\\Desktop\\ProyectosWollok\\2025-10-24\\2025c2s2-herencia-rutinas-gabrielkakazu","result":{"errored":0,"failed":0,"ok":4},"testsFailed":[],"timeElapsed":1487,"timestamp":"2025-10-26T00:31:58.489Z"}
